#
# A fatal error has been detected by the Java Runtime Environment:
#
#  EXCEPTION_ACCESS_VIOLATION (0xc0000005) at pc=0x0000000400000001, pid=19408, tid=1108
#
# JRE version: Java(TM) SE Runtime Environment (23.0.2+7) (build 23.0.2+7-58)
# Java VM: Java HotSpot(TM) 64-Bit Server VM (23.0.2+7-58, mixed mode, sharing, tiered, compressed oops, compressed class ptrs, g1 gc, windows-amd64)
# Problematic frame:
# V  [jvm.dll+0x2ef86a]
#
# No core dump will be written. Minidumps are not enabled by default on client versions of Windows
#
# If you would like to submit a bug report, please visit:
#   https://bugreport.java.com/bugreport/crash.jsp
#

---------------  S U M M A R Y ------------

Command Line: --add-opens=java.base/java.lang=ALL-UNNAMED --add-opens=java.base/java.lang.invoke=ALL-UNNAMED --add-opens=java.base/java.util=ALL-UNNAMED --add-opens=java.prefs/java.util.prefs=ALL-UNNAMED --add-exports=jdk.compiler/com.sun.tools.javac.api=ALL-UNNAMED --add-exports=jdk.compiler/com.sun.tools.javac.util=ALL-UNNAMED --add-opens=java.base/java.util=ALL-UNNAMED --add-opens=java.prefs/java.util.prefs=ALL-UNNAMED --add-opens=java.base/java.nio.charset=ALL-UNNAMED --add-opens=java.base/java.net=ALL-UNNAMED --add-opens=java.base/java.util.concurrent.atomic=ALL-UNNAMED --add-opens=java.xml/javax.xml.namespace=ALL-UNNAMED -XX:MaxMetaspaceSize=384m -XX:+HeapDumpOnOutOfMemoryError -Xms256m -Xmx512m -Dfile.encoding=UTF-8 -Duser.country=CO -Duser.language=es -Duser.variant -javaagent:C:\Users\pablo\.gradle\wrapper\dists\gradle-8.13-bin\5xuhj0ry160q40clulazy9h7d\gradle-8.13\lib\agents\gradle-instrumentation-agent-8.13.jar org.gradle.launcher.daemon.bootstrap.GradleDaemon 8.13

Host: AMD Ryzen 5 3500U with Radeon Vega Mobile Gfx  , 8 cores, 17G,  Windows 11 , 64 bit Build 26100 (10.0.26100.3775)
Time: Fri Apr 11 21:40:26 2025 Hora est. Pacífico, Sudamérica elapsed time: 39.055683 seconds (0d 0h 0m 39s)

---------------  T H R E A D  ---------------

Current thread (0x000001c099037460):  JavaThread "C2 CompilerThread0" daemon [_thread_in_native, id=1108, stack(0x0000006f2d900000,0x0000006f2da00000) (1024K)]


Current CompileTask:
C2:39055 11246       4       org.gradle.internal.instantiation.generator.AbstractClassGenerator::inspectType (602 bytes)

Stack: [0x0000006f2d900000,0x0000006f2da00000],  sp=0x0000006f2d9fcaa0,  free space=1010k
Native frames: (J=compiled Java code, j=interpreted, Vv=VM code, C=native code)
C  0x0000000400000001  (no source info available)


siginfo: EXCEPTION_ACCESS_VIOLATION (0xc0000005), data execution prevention violation at address 0x0000000400000001


Registers:
RAX=0x000001c0a09f7d70, RBX=0x0000000000000000, RCX=0x000001c0a09fd1f8, RDX=0x000001c09d686990
RSP=0x0000006f2d9fca98, RBP=0x0000000000000000, RSI=0x000001c09d686990, RDI=0x0000000000000003
R8 =0x0000000000000564, R9 =0x000001c09d68d9d0, R10=0x0000000000000002, R11=0x0000000000000004
R12=0x0000006f2d9fcd10, R13=0x000001c09f0c9710, R14=0x000001c0a09fd1f8, R15=0x000001c0a1eb5ec0
RIP=0x0000000400000001, EFLAGS=0x0000000000010297


Register to memory mapping:

RAX=0x000001c0a09f7d70 points into unknown readable memory: 0x00007ff88f047c10 | 10 7c 04 8f f8 7f 00 00
RBX=0x0 is null
RCX=0x000001c0a09fd1f8 points into unknown readable memory: 0x000001c0a09f7d70 | 70 7d 9f a0 c0 01 00 00
RDX=0x000001c09d686990 points into unknown readable memory: 0x00007ff88f0c11c0 | c0 11 0c 8f f8 7f 00 00
RSP=0x0000006f2d9fca98 is pointing into the stack for thread: 0x000001c099037460
RBP=0x0 is null
RSI=0x000001c09d686990 points into unknown readable memory: 0x00007ff88f0c11c0 | c0 11 0c 8f f8 7f 00 00
RDI=0x0000000000000003 is an unknown value
R8 =0x0000000000000564 is an unknown value
R9 =0x000001c09d68d9d0 points into unknown readable memory: 0x00007ff88f0f4f10 | 10 4f 0f 8f f8 7f 00 00
R10=0x0000000000000002 is an unknown value
R11=0x0000000000000004 is an unknown value
R12=0x0000006f2d9fcd10 is pointing into the stack for thread: 0x000001c099037460
R13=0x000001c09f0c9710 points into unknown readable memory: 0x000001c0a147a568 | 68 a5 47 a1 c0 01 00 00
R14=0x000001c0a09fd1f8 points into unknown readable memory: 0x000001c0a09f7d70 | 70 7d 9f a0 c0 01 00 00
R15=0x000001c0a1eb5ec0 points into unknown readable memory: 0x0000000000000000 | 00 00 00 00 00 00 00 00

Top of Stack: (sp=0x0000006f2d9fca98)
0x0000006f2d9fca98:   00007ff88e9ef86a 000001c0a1eb5eb0
0x0000006f2d9fcaa8:   000001c099003570 0000000000000000
0x0000006f2d9fcab8:   0000000000009bc0 0000000000000000
0x0000006f2d9fcac8:   0000000000000000 000001c0a1b97a60
0x0000006f2d9fcad8:   00007ff88e9ef7c6 0000000000000565
0x0000006f2d9fcae8:   0000000000000643 000001c09f0cb5d0
0x0000006f2d9fcaf8:   0000000000000454 000001c0a097d040
0x0000006f2d9fcb08:   00007ff88e7bc314 000001c0a097d040
0x0000006f2d9fcb18:   000001c099003570 0000000000000000
0x0000006f2d9fcb28:   000001c0a0985050 000001c0a0985050
0x0000006f2d9fcb38:   000001c0a1eb5ec0 000001c099038330
0x0000006f2d9fcb48:   00007ff88e9ef256 000001c0a097d040
0x0000006f2d9fcb58:   0000006f2d9fcd10 000001c099003570
0x0000006f2d9fcb68:   000001c099038330 000001c0a0985050
0x0000006f2d9fcb78:   000001c0a0985050 000000000028b4c0
0x0000006f2d9fcb88:   00007ff88e7bc4e1 0000006f2d9fcd10
0x0000006f2d9fcb98:   000001c0990383a0 000001c099038350
0x0000006f2d9fcba8:   00007ff88f0e5650 0000000000000000
0x0000006f2d9fcbb8:   0000006f2d9fe260 0000006f2d9fe3d8
0x0000006f2d9fcbc8:   0000006f2d9fcd10 0000006f2d9fcd10
0x0000006f2d9fcbd8:   00007ff88ea8999e 0000006f2d9fcd10
0x0000006f2d9fcbe8:   000001c099038350 00007ff88f0e5620
0x0000006f2d9fcbf8:   000001c0a097d040 0000006f2d9fe260
0x0000006f2d9fcc08:   00007ff88e944ba1 00000000002834c0
0x0000006f2d9fcc18:   0000006f2d9fe260 0000006f2d9fcd10
0x0000006f2d9fcc28:   0000006f2d9fe3d8 0000000000000000
0x0000006f2d9fcc38:   0000000000000000 0000000000000000
0x0000006f2d9fcc48:   0000000000000000 0000000000000001
0x0000006f2d9fcc58:   0000000000000000 0000000000000000
0x0000006f2d9fcc68:   00007ff88f0e5650 0000000000000000
0x0000006f2d9fcc78:   0000006f2d9fe260 0000000000000000
0x0000006f2d9fcc88:   00007ff88f0e5650 0000000000000000 

Instructions: (pc=0x00007ff88e9ef86a)
0x00007ff88e9ef76a:   48 c1 e0 04 49 03 c7 48 89 10 89 58 08 48 89 40
0x00007ff88e9ef77a:   18 48 89 68 20 4c 89 78 28 c7 40 0c 01 00 00 00
0x00007ff88e9ef78a:   48 89 68 38 83 fb 01 75 05 48 8b cd eb 12 48 8b
0x00007ff88e9ef79a:   0f 44 8b 41 4c 4b 8d 0c 80 48 c1 e1 04 49 03 cf
0x00007ff88e9ef7aa:   48 89 48 10 48 83 c7 10 48 8d 4c 24 20 48 89 17
0x00007ff88e9ef7ba:   c7 47 08 ff ff ff ff e8 6a 00 00 00 89 47 0c ff
0x00007ff88e9ef7ca:   c3 eb 2b 4c 8b 37 ff ce 48 83 ef 10 41 89 76 68
0x00007ff88e9ef7da:   41 3b 74 24 20 72 0c 8b d6 49 8d 4c 24 20 e8 93
0x00007ff88e9ef7ea:   e6 e4 ff 49 8b 4c 24 30 33 ed 4c 89 34 f1 49 3b
0x00007ff88e9ef7fa:   fd 0f 83 1f ff ff ff 4c 8b 7c 24 40 8b c3 4c 8b
0x00007ff88e9ef80a:   74 24 48 4c 8b 6c 24 50 4c 8b 64 24 58 48 8b bc
0x00007ff88e9ef81a:   24 80 00 00 00 48 8b 74 24 78 48 8b 6c 24 70 48
0x00007ff88e9ef82a:   83 c4 60 5b c3 cc 48 89 5c 24 08 48 89 74 24 10
0x00007ff88e9ef83a:   48 89 7c 24 18 41 56 48 83 ec 30 8b 7a 28 33 db
0x00007ff88e9ef84a:   ff cf 48 8b f2 3b 7a 18 73 0a 48 8b 42 20 4c 8b
0x00007ff88e9ef85a:   34 f8 eb 03 4c 8b f3 49 8b 06 49 8b ce ff 50 20
0x00007ff88e9ef86a:   49 3b c6 74 03 2b 7e 48 3b 7e 18 73 0a 48 8b 46
0x00007ff88e9ef87a:   20 4c 8b 34 f8 eb 03 4c 8b f3 41 8b 46 2c 49 8b
0x00007ff88e9ef88a:   ce 49 8b 16 24 03 3c 02 75 08 ff 92 48 01 00 00
0x00007ff88e9ef89a:   eb 02 ff 12 3d 59 01 00 00 0f 8f d2 00 00 00 74
0x00007ff88e9ef8aa:   78 83 c0 c3 3d e7 00 00 00 0f 87 c9 00 00 00 48
0x00007ff88e9ef8ba:   8d 15 40 07 d1 ff 48 98 0f b6 84 02 a4 f9 2e 00
0x00007ff88e9ef8ca:   8b 8c 82 94 f9 2e 00 48 03 ca ff e1 ff c7 0f 29
0x00007ff88e9ef8da:   74 24 20 f3 41 0f 10 76 48 3b 7e 18 73 0a 48 8b
0x00007ff88e9ef8ea:   46 20 48 8b 0c f8 eb 03 48 8b cb 48 8b 01 ff 10
0x00007ff88e9ef8fa:   3d b3 00 00 00 75 0f f3 0f 10 05 e7 cb 64 00 f3
0x00007ff88e9ef90a:   0f 5c c6 0f 28 f0 f3 0f 10 05 b0 d9 6c 00 0f 2f
0x00007ff88e9ef91a:   c6 0f 28 74 24 20 0f 97 c3 48 8b 74 24 48 8b c3
0x00007ff88e9ef92a:   48 8b 5c 24 40 48 8b 7c 24 50 48 83 c4 30 41 5e
0x00007ff88e9ef93a:   c3 44 8b 56 48 44 8b c3 45 85 d2 74 2b 44 8b 5e
0x00007ff88e9ef94a:   18 8d 57 01 66 90 41 3b d3 73 0a 48 8b 46 20 4c
0x00007ff88e9ef95a:   8b 0c d0 eb 03 4c 8b cb 41 39 59 38 74 0a 41 ff 


Stack slot to memory mapping:

stack at sp + 0 slots: 0x000001c0a1eb5eb0 points into unknown readable memory: 0x000001c09f0c9700 | 00 97 0c 9f c0 01 00 00
stack at sp + 1 slots: 0x000001c099003570 points into unknown readable memory: 0x0000000100000007 | 07 00 00 00 01 00 00 00
stack at sp + 2 slots: 0x0 is null
stack at sp + 3 slots: 0x0000000000009bc0 is an unknown value
stack at sp + 4 slots: 0x0 is null
stack at sp + 5 slots: 0x0 is null
stack at sp + 6 slots: 0x000001c0a1b97a60 points into unknown readable memory: 0x00007ff88f0c11c0 | c0 11 0c 8f f8 7f 00 00
stack at sp + 7 slots: 0x00007ff88e9ef7c6 jvm.dll

Lock stack of current Java thread (top to bottom):


---------------  P R O C E S S  ---------------

Threads class SMR info:
_java_thread_list=0x000001c0a0835b50, length=58, elements={
0x000001c0cea53a50, 0x000001c09901a6c0, 0x000001c09901c040, 0x000001c099022320,
0x000001c099024d90, 0x000001c09902a520, 0x000001c09902bf00, 0x000001c099037460,
0x000001c0990404e0, 0x000001c099152030, 0x000001c099286bf0, 0x000001c09ae50770,
0x000001c09ab5d6f0, 0x000001c09b170340, 0x000001c09b00c8d0, 0x000001c09b0b5200,
0x000001c099f784c0, 0x000001c09a09e0e0, 0x000001c09953eaf0, 0x000001c09953b670,
0x000001c09953bd00, 0x000001c09953ca20, 0x000001c09953d0b0, 0x000001c09953d740,
0x000001c09953e460, 0x000001c09b4d52e0, 0x000001c09b4d3f30, 0x000001c09b4d6000,
0x000001c09b4d38a0, 0x000001c09b4da1a0, 0x000001c09b4d9480, 0x000001c09b4d9b10,
0x000001c09f4e7cf0, 0x000001c09f4e7660, 0x000001c09f4e6fd0, 0x000001c09f4e90a0,
0x000001c09f4eaae0, 0x000001c09f4eb170, 0x000001c09f4eb800, 0x000001c09f4ebe90,
0x000001c09f4e8a10, 0x000001c09f4ec520, 0x000001c09f4edf60, 0x000001c09f4ed8d0,
0x000001c09f4ee5f0, 0x000001c09f4ed240, 0x000001c09af93650, 0x000001c09af977f0,
0x000001c09af96440, 0x000001c09af94370, 0x000001c09af95720, 0x000001c09af96ad0,
0x000001c09af95db0, 0x000001c09af998c0, 0x000001c0a20f9c90, 0x000001c09ebc64d0,
0x000001c0a20fde30, 0x000001c09ebc3520
}

Java Threads: ( => current thread )
  0x000001c0cea53a50 JavaThread "main"                              [_thread_blocked, id=4084, stack(0x0000006f2ca00000,0x0000006f2cb00000) (1024K)]
  0x000001c09901a6c0 JavaThread "Reference Handler"          daemon [_thread_blocked, id=17108, stack(0x0000006f2d300000,0x0000006f2d400000) (1024K)]
  0x000001c09901c040 JavaThread "Finalizer"                  daemon [_thread_blocked, id=19128, stack(0x0000006f2d400000,0x0000006f2d500000) (1024K)]
  0x000001c099022320 JavaThread "Signal Dispatcher"          daemon [_thread_blocked, id=1740, stack(0x0000006f2d500000,0x0000006f2d600000) (1024K)]
  0x000001c099024d90 JavaThread "Attach Listener"            daemon [_thread_blocked, id=3188, stack(0x0000006f2d600000,0x0000006f2d700000) (1024K)]
  0x000001c09902a520 JavaThread "Service Thread"             daemon [_thread_blocked, id=8920, stack(0x0000006f2d700000,0x0000006f2d800000) (1024K)]
  0x000001c09902bf00 JavaThread "Monitor Deflation Thread"   daemon [_thread_blocked, id=17584, stack(0x0000006f2d800000,0x0000006f2d900000) (1024K)]
=>0x000001c099037460 JavaThread "C2 CompilerThread0"         daemon [_thread_in_native, id=1108, stack(0x0000006f2d900000,0x0000006f2da00000) (1024K)]
  0x000001c0990404e0 JavaThread "C1 CompilerThread0"         daemon [_thread_blocked, id=14004, stack(0x0000006f2da00000,0x0000006f2db00000) (1024K)]
  0x000001c099152030 JavaThread "Common-Cleaner"             daemon [_thread_blocked, id=16900, stack(0x0000006f2db00000,0x0000006f2dc00000) (1024K)]
  0x000001c099286bf0 JavaThread "Notification Thread"        daemon [_thread_blocked, id=3952, stack(0x0000006f2dc00000,0x0000006f2dd00000) (1024K)]
  0x000001c09ae50770 JavaThread "Daemon health stats"               [_thread_blocked, id=2468, stack(0x0000006f2de00000,0x0000006f2df00000) (1024K)]
  0x000001c09ab5d6f0 JavaThread "Incoming local TCP Connector on port 58499"        [_thread_in_native, id=8932, stack(0x0000006f2e400000,0x0000006f2e500000) (1024K)]
  0x000001c09b170340 JavaThread "Daemon periodic checks"            [_thread_blocked, id=332, stack(0x0000006f2e500000,0x0000006f2e600000) (1024K)]
  0x000001c09b00c8d0 JavaThread "Daemon"                            [_thread_blocked, id=19512, stack(0x0000006f2e600000,0x0000006f2e700000) (1024K)]
  0x000001c09b0b5200 JavaThread "Handler for socket connection from /127.0.0.1:58499 to /127.0.0.1:58500"        [_thread_in_native, id=18404, stack(0x0000006f2e700000,0x0000006f2e800000) (1024K)]
  0x000001c099f784c0 JavaThread "Cancel handler"                    [_thread_blocked, id=13804, stack(0x0000006f2e800000,0x0000006f2e900000) (1024K)]
  0x000001c09a09e0e0 JavaThread "Daemon worker"                     [_thread_in_Java, id=16120, stack(0x0000006f2e900000,0x0000006f2ea00000) (1024K)]
  0x000001c09953eaf0 JavaThread "Asynchronous log dispatcher for DefaultDaemonConnection: socket connection from /127.0.0.1:58499 to /127.0.0.1:58500"        [_thread_blocked, id=20044, stack(0x0000006f2ea00000,0x0000006f2eb00000) (1024K)]
  0x000001c09953b670 JavaThread "Stdin handler"                     [_thread_blocked, id=19100, stack(0x0000006f2eb00000,0x0000006f2ec00000) (1024K)]
  0x000001c09953bd00 JavaThread "Daemon client event forwarder"        [_thread_blocked, id=15568, stack(0x0000006f2ec00000,0x0000006f2ed00000) (1024K)]
  0x000001c09953ca20 JavaThread "Cache worker for journal cache (C:\Users\pablo\.gradle\caches\journal-1)"        [_thread_blocked, id=8584, stack(0x0000006f2ed00000,0x0000006f2ee00000) (1024K)]
  0x000001c09953d0b0 JavaThread "File lock request listener"        [_thread_in_native, id=19104, stack(0x0000006f2ee00000,0x0000006f2ef00000) (1024K)]
  0x000001c09953d740 JavaThread "Cache worker for file hash cache (C:\Users\pablo\.gradle\caches\8.13\fileHashes)"        [_thread_blocked, id=7432, stack(0x0000006f2ef00000,0x0000006f2f000000) (1024K)]
  0x000001c09953e460 JavaThread "Cache worker for file hash cache (C:\Users\pablo\Documents\Universidad\7 semestre\Arquitectura de SW\Talleres\Taller4-JEE\logic\.gradle\8.13\fileHashes)"        [_thread_blocked, id=19828, stack(0x0000006f2f200000,0x0000006f2f300000) (1024K)]
  0x000001c09b4d52e0 JavaThread "Cache worker for Build Output Cleanup Cache (C:\Users\pablo\Documents\Universidad\7 semestre\Arquitectura de SW\Talleres\Taller4-JEE\logic\.gradle\buildOutputCleanup)"        [_thread_blocked, id=16360, stack(0x0000006f2f300000,0x0000006f2f400000) (1024K)]
  0x000001c09b4d3f30 JavaThread "File watcher server"        daemon [_thread_in_native, id=20472, stack(0x0000006f2f500000,0x0000006f2f600000) (1024K)]
  0x000001c09b4d6000 JavaThread "File watcher consumer"      daemon [_thread_blocked, id=19980, stack(0x0000006f2f600000,0x0000006f2f700000) (1024K)]
  0x000001c09b4d38a0 JavaThread "Cache worker for checksums cache (C:\Users\pablo\Documents\Universidad\7 semestre\Arquitectura de SW\Talleres\Taller4-JEE\logic\.gradle\8.13\checksums)"        [_thread_blocked, id=14204, stack(0x0000006f2f700000,0x0000006f2f800000) (1024K)]
  0x000001c09b4da1a0 JavaThread "Cache worker for file content cache (C:\Users\pablo\.gradle\caches\8.13\fileContent)"        [_thread_blocked, id=7608, stack(0x0000006f2f800000,0x0000006f2f900000) (1024K)]
  0x000001c09b4d9480 JavaThread "Cache worker for cache directory md-supplier (C:\Users\pablo\.gradle\caches\8.13\md-supplier)"        [_thread_blocked, id=19968, stack(0x0000006f2f900000,0x0000006f2fa00000) (1024K)]
  0x000001c09b4d9b10 JavaThread "Cache worker for cache directory md-rule (C:\Users\pablo\.gradle\caches\8.13\md-rule)"        [_thread_blocked, id=320, stack(0x0000006f2fa00000,0x0000006f2fb00000) (1024K)]
  0x000001c09f4e7cf0 JavaThread "Unconstrained build operations"        [_thread_blocked, id=13664, stack(0x0000006f2f400000,0x0000006f2f500000) (1024K)]
  0x000001c09f4e7660 JavaThread "Unconstrained build operations Thread 2"        [_thread_blocked, id=1724, stack(0x0000006f2fb00000,0x0000006f2fc00000) (1024K)]
  0x000001c09f4e6fd0 JavaThread "Unconstrained build operations Thread 3"        [_thread_blocked, id=4476, stack(0x0000006f2fd00000,0x0000006f2fe00000) (1024K)]
  0x000001c09f4e90a0 JavaThread "Unconstrained build operations Thread 4"        [_thread_blocked, id=17268, stack(0x0000006f2fe00000,0x0000006f2ff00000) (1024K)]
  0x000001c09f4eaae0 JavaThread "Unconstrained build operations Thread 5"        [_thread_blocked, id=8644, stack(0x0000006f2ff00000,0x0000006f30000000) (1024K)]
  0x000001c09f4eb170 JavaThread "Unconstrained build operations Thread 6"        [_thread_blocked, id=4192, stack(0x0000006f30000000,0x0000006f30100000) (1024K)]
  0x000001c09f4eb800 JavaThread "Unconstrained build operations Thread 7"        [_thread_blocked, id=15252, stack(0x0000006f30100000,0x0000006f30200000) (1024K)]
  0x000001c09f4ebe90 JavaThread "Unconstrained build operations Thread 8"        [_thread_blocked, id=17436, stack(0x0000006f30300000,0x0000006f30400000) (1024K)]
  0x000001c09f4e8a10 JavaThread "Unconstrained build operations Thread 9"        [_thread_blocked, id=16852, stack(0x0000006f30400000,0x0000006f30500000) (1024K)]
  0x000001c09f4ec520 JavaThread "Unconstrained build operations Thread 10"        [_thread_blocked, id=19864, stack(0x0000006f30500000,0x0000006f30600000) (1024K)]
  0x000001c09f4edf60 JavaThread "Unconstrained build operations Thread 11"        [_thread_blocked, id=12484, stack(0x0000006f30600000,0x0000006f30700000) (1024K)]
  0x000001c09f4ed8d0 JavaThread "Unconstrained build operations Thread 12"        [_thread_blocked, id=2764, stack(0x0000006f30700000,0x0000006f30800000) (1024K)]
  0x000001c09f4ee5f0 JavaThread "Unconstrained build operations Thread 13"        [_thread_blocked, id=10080, stack(0x0000006f30800000,0x0000006f30900000) (1024K)]
  0x000001c09f4ed240 JavaThread "Unconstrained build operations Thread 14"        [_thread_blocked, id=8656, stack(0x0000006f30900000,0x0000006f30a00000) (1024K)]
  0x000001c09af93650 JavaThread "Unconstrained build operations Thread 15"        [_thread_blocked, id=19696, stack(0x0000006f30b00000,0x0000006f30c00000) (1024K)]
  0x000001c09af977f0 JavaThread "Unconstrained build operations Thread 16"        [_thread_blocked, id=7320, stack(0x0000006f30c00000,0x0000006f30d00000) (1024K)]
  0x000001c09af96440 JavaThread "Unconstrained build operations Thread 17"        [_thread_blocked, id=18764, stack(0x0000006f30d00000,0x0000006f30e00000) (1024K)]
  0x000001c09af94370 JavaThread "Unconstrained build operations Thread 18"        [_thread_blocked, id=13720, stack(0x0000006f30e00000,0x0000006f30f00000) (1024K)]
  0x000001c09af95720 JavaThread "Unconstrained build operations Thread 19"        [_thread_blocked, id=1748, stack(0x0000006f30f00000,0x0000006f31000000) (1024K)]
  0x000001c09af96ad0 JavaThread "Unconstrained build operations Thread 20"        [_thread_blocked, id=20060, stack(0x0000006f31000000,0x0000006f31100000) (1024K)]
  0x000001c09af95db0 JavaThread "Unconstrained build operations Thread 21"        [_thread_blocked, id=17820, stack(0x0000006f31100000,0x0000006f31200000) (1024K)]
  0x000001c09af998c0 JavaThread "build event listener"              [_thread_blocked, id=8436, stack(0x0000006f30a00000,0x0000006f30b00000) (1024K)]
  0x000001c0a20f9c90 JavaThread "Memory manager"                    [_thread_blocked, id=18200, stack(0x0000006f30200000,0x0000006f30300000) (1024K)]
  0x000001c09ebc64d0 JavaThread "C2 CompilerThread1"         daemon [_thread_in_native, id=13064, stack(0x0000006f31200000,0x0000006f31300000) (1024K)]
  0x000001c0a20fde30 JavaThread "Problems report writer"            [_thread_blocked, id=14324, stack(0x0000006f31300000,0x0000006f31400000) (1024K)]
  0x000001c09ebc3520 JavaThread "C2 CompilerThread2"         daemon [_thread_blocked, id=18880, stack(0x0000006f31400000,0x0000006f31500000) (1024K)]
Total: 58

Other Threads:
  0x000001c0ea36e7b0 VMThread "VM Thread"                           [id=20436, stack(0x0000006f2d200000,0x0000006f2d300000) (1024K)]
  0x000001c0ea35e990 WatcherThread "VM Periodic Task Thread"        [id=15952, stack(0x0000006f2d100000,0x0000006f2d200000) (1024K)]
  0x000001c0cea80180 WorkerThread "GC Thread#0"                     [id=8236, stack(0x0000006f2cc00000,0x0000006f2cd00000) (1024K)]
  0x000001c09963c1f0 WorkerThread "GC Thread#1"                     [id=12400, stack(0x0000006f2df00000,0x0000006f2e000000) (1024K)]
  0x000001c09963c5a0 WorkerThread "GC Thread#2"                     [id=13800, stack(0x0000006f2e000000,0x0000006f2e100000) (1024K)]
  0x000001c099829230 WorkerThread "GC Thread#3"                     [id=3688, stack(0x0000006f2e100000,0x0000006f2e200000) (1024K)]
  0x000001c0998295e0 WorkerThread "GC Thread#4"                     [id=17264, stack(0x0000006f2e200000,0x0000006f2e300000) (1024K)]
  0x000001c099829990 WorkerThread "GC Thread#5"                     [id=7288, stack(0x0000006f2e300000,0x0000006f2e400000) (1024K)]
  0x000001c09a33e870 WorkerThread "GC Thread#6"                     [id=12692, stack(0x0000006f2f000000,0x0000006f2f100000) (1024K)]
  0x000001c09a33d250 WorkerThread "GC Thread#7"                     [id=20300, stack(0x0000006f2f100000,0x0000006f2f200000) (1024K)]
  0x000001c0cea860e0 ConcurrentGCThread "G1 Main Marker"            [id=2676, stack(0x0000006f2cd00000,0x0000006f2ce00000) (1024K)]
  0x000001c0cd09acd0 WorkerThread "G1 Conc#0"                       [id=13056, stack(0x0000006f2ce00000,0x0000006f2cf00000) (1024K)]
  0x000001c09cd87330 WorkerThread "G1 Conc#1"                       [id=13876, stack(0x0000006f2dd00000,0x0000006f2de00000) (1024K)]
  0x000001c0ceadeaf0 ConcurrentGCThread "G1 Refine#0"               [id=16572, stack(0x0000006f2cf00000,0x0000006f2d000000) (1024K)]
  0x000001c0ea233670 ConcurrentGCThread "G1 Service"                [id=20220, stack(0x0000006f2d000000,0x0000006f2d100000) (1024K)]
Total: 15

Threads with active compile tasks:
C2 CompilerThread0  39488 11246       4       org.gradle.internal.instantiation.generator.AbstractClassGenerator::inspectType (602 bytes)
C2 CompilerThread1  39488 11498   !   4       java.util.concurrent.ConcurrentHashMap::computeIfAbsent (576 bytes)
C2 CompilerThread2  39488 11510       4       org.gradle.api.internal.artifacts.DefaultImmutableModuleIdentifierFactory::module (74 bytes)
Total: 3

VM state: not at safepoint (normal execution)

VM Mutex/Monitor currently owned by a thread: None

Heap address: 0x00000000e0000000, size: 512 MB, Compressed Oops mode: 32-bit

CDS archive(s) mapped at: [0x000001c080000000-0x000001c080d70000-0x000001c080d70000), size 14090240, SharedBaseAddress: 0x000001c080000000, ArchiveRelocationMode: 1.
Compressed class space mapped at: 0x000001c081000000-0x000001c095000000, reserved size: 335544320
Narrow klass base: 0x000001c080000000, Narrow klass shift: 0, Narrow klass range: 0x15000000

GC Precious Log:
 CardTable entry size: 512
 Card Set container configuration: InlinePtr #cards 5 size 8 Array Of Cards #cards 10 size 36 Howl #buckets 4 coarsen threshold 1843 Howl Bitmap #cards 512 size 80 coarsen threshold 460 Card regions per heap region 1 cards per card region 2048
 CPUs: 8 total, 8 available
 Memory: 18308M
 Large Page Support: Disabled
 NUMA Support: Disabled
 Compressed Oops: Enabled (32-bit)
 Heap Region Size: 1M
 Heap Min Capacity: 256M
 Heap Initial Capacity: 256M
 Heap Max Capacity: 512M
 Pre-touch: Disabled
 Parallel Workers: 8
 Concurrent Workers: 2
 Concurrent Refinement Workers: 8
 Periodic GC: Disabled

Heap:
 garbage-first heap   total reserved 524288K, committed 262144K, used 123203K [0x00000000e0000000, 0x0000000100000000)
  region size 1024K, 45 young (46080K), 12 survivors (12288K)
 Metaspace       used 82975K, committed 85120K, reserved 458752K
  class space    used 11930K, committed 12992K, reserved 327680K

Heap Regions: E=young(eden), S=young(survivor), O=old, HS=humongous(starts), HC=humongous(continues), CS=collection set, F=free, TAMS=top-at-mark-start, PB=parsable bottom
|   0|0x00000000e0000000, 0x00000000e0100000, 0x00000000e0100000|100%| O|  |TAMS 0x00000000e0000000| PB 0x00000000e0000000| Untracked |  0
|   1|0x00000000e0100000, 0x00000000e0200000, 0x00000000e0200000|100%|HS|  |TAMS 0x00000000e0100000| PB 0x00000000e0100000| Complete |  0
|   2|0x00000000e0200000, 0x00000000e0300000, 0x00000000e0300000|100%|HC|  |TAMS 0x00000000e0200000| PB 0x00000000e0200000| Complete |  0
|   3|0x00000000e0300000, 0x00000000e0400000, 0x00000000e0400000|100%|HC|  |TAMS 0x00000000e0300000| PB 0x00000000e0300000| Complete |  0
|   4|0x00000000e0400000, 0x00000000e0500000, 0x00000000e0500000|100%| O|  |TAMS 0x00000000e0400000| PB 0x00000000e0400000| Untracked |  0
|   5|0x00000000e0500000, 0x00000000e0600000, 0x00000000e0600000|100%| O|  |TAMS 0x00000000e0500000| PB 0x00000000e0500000| Untracked |  0
|   6|0x00000000e0600000, 0x00000000e0700000, 0x00000000e0700000|100%| O|  |TAMS 0x00000000e0600000| PB 0x00000000e0600000| Untracked |  0
|   7|0x00000000e0700000, 0x00000000e0800000, 0x00000000e0800000|100%| O|  |TAMS 0x00000000e0700000| PB 0x00000000e0700000| Untracked |  0
|   8|0x00000000e0800000, 0x00000000e0900000, 0x00000000e0900000|100%|HS|  |TAMS 0x00000000e0800000| PB 0x00000000e0800000| Complete |  0
|   9|0x00000000e0900000, 0x00000000e0a00000, 0x00000000e0a00000|100%| O|  |TAMS 0x00000000e0900000| PB 0x00000000e0900000| Untracked |  0
|  10|0x00000000e0a00000, 0x00000000e0b00000, 0x00000000e0b00000|100%| O|  |TAMS 0x00000000e0a00000| PB 0x00000000e0a00000| Untracked |  0
|  11|0x00000000e0b00000, 0x00000000e0c00000, 0x00000000e0c00000|100%| O|  |TAMS 0x00000000e0b00000| PB 0x00000000e0b00000| Untracked |  0
|  12|0x00000000e0c00000, 0x00000000e0d00000, 0x00000000e0d00000|100%| O|  |TAMS 0x00000000e0c00000| PB 0x00000000e0c00000| Untracked |  0
|  13|0x00000000e0d00000, 0x00000000e0e00000, 0x00000000e0e00000|100%| O|  |TAMS 0x00000000e0d00000| PB 0x00000000e0d00000| Untracked |  0
|  14|0x00000000e0e00000, 0x00000000e0f00000, 0x00000000e0f00000|100%| O|  |TAMS 0x00000000e0e00000| PB 0x00000000e0e00000| Untracked |  0
|  15|0x00000000e0f00000, 0x00000000e1000000, 0x00000000e1000000|100%| O|  |TAMS 0x00000000e0f00000| PB 0x00000000e0f00000| Untracked |  0
|  16|0x00000000e1000000, 0x00000000e1100000, 0x00000000e1100000|100%| O|  |TAMS 0x00000000e1000000| PB 0x00000000e1000000| Untracked |  0
|  17|0x00000000e1100000, 0x00000000e1200000, 0x00000000e1200000|100%| O|  |TAMS 0x00000000e1100000| PB 0x00000000e1100000| Untracked |  0
|  18|0x00000000e1200000, 0x00000000e1300000, 0x00000000e1300000|100%| O|  |TAMS 0x00000000e1200000| PB 0x00000000e1200000| Untracked |  0
|  19|0x00000000e1300000, 0x00000000e1400000, 0x00000000e1400000|100%| O|  |TAMS 0x00000000e1300000| PB 0x00000000e1300000| Untracked |  0
|  20|0x00000000e1400000, 0x00000000e1500000, 0x00000000e1500000|100%| O|  |TAMS 0x00000000e1400000| PB 0x00000000e1400000| Untracked |  0
|  21|0x00000000e1500000, 0x00000000e1600000, 0x00000000e1600000|100%| O|  |TAMS 0x00000000e1500000| PB 0x00000000e1500000| Untracked |  0
|  22|0x00000000e1600000, 0x00000000e1700000, 0x00000000e1700000|100%| O|  |TAMS 0x00000000e1600000| PB 0x00000000e1600000| Untracked |  0
|  23|0x00000000e1700000, 0x00000000e1800000, 0x00000000e1800000|100%| O|  |TAMS 0x00000000e1700000| PB 0x00000000e1700000| Untracked |  0
|  24|0x00000000e1800000, 0x00000000e1900000, 0x00000000e1900000|100%| O|  |TAMS 0x00000000e1800000| PB 0x00000000e1800000| Untracked |  0
|  25|0x00000000e1900000, 0x00000000e1a00000, 0x00000000e1a00000|100%| O|  |TAMS 0x00000000e1900000| PB 0x00000000e1900000| Untracked |  0
|  26|0x00000000e1a00000, 0x00000000e1b00000, 0x00000000e1b00000|100%| O|  |TAMS 0x00000000e1a00000| PB 0x00000000e1a00000| Untracked |  0
|  27|0x00000000e1b00000, 0x00000000e1c00000, 0x00000000e1c00000|100%| O|  |TAMS 0x00000000e1b00000| PB 0x00000000e1b00000| Untracked |  0
|  28|0x00000000e1c00000, 0x00000000e1d00000, 0x00000000e1d00000|100%| O|  |TAMS 0x00000000e1c00000| PB 0x00000000e1c00000| Untracked |  0
|  29|0x00000000e1d00000, 0x00000000e1e00000, 0x00000000e1e00000|100%| O|  |TAMS 0x00000000e1d00000| PB 0x00000000e1d00000| Untracked |  0
|  30|0x00000000e1e00000, 0x00000000e1f00000, 0x00000000e1f00000|100%| O|  |TAMS 0x00000000e1e00000| PB 0x00000000e1e00000| Untracked |  0
|  31|0x00000000e1f00000, 0x00000000e2000000, 0x00000000e2000000|100%| O|  |TAMS 0x00000000e1f00000| PB 0x00000000e1f00000| Untracked |  0
|  32|0x00000000e2000000, 0x00000000e2100000, 0x00000000e2100000|100%| O|  |TAMS 0x00000000e2000000| PB 0x00000000e2000000| Untracked |  0
|  33|0x00000000e2100000, 0x00000000e2200000, 0x00000000e2200000|100%| O|  |TAMS 0x00000000e2100000| PB 0x00000000e2100000| Untracked |  0
|  34|0x00000000e2200000, 0x00000000e2300000, 0x00000000e2300000|100%| O|  |TAMS 0x00000000e2200000| PB 0x00000000e2200000| Untracked |  0
|  35|0x00000000e2300000, 0x00000000e2400000, 0x00000000e2400000|100%| O|  |TAMS 0x00000000e2300000| PB 0x00000000e2300000| Untracked |  0
|  36|0x00000000e2400000, 0x00000000e2500000, 0x00000000e2500000|100%| O|  |TAMS 0x00000000e2400000| PB 0x00000000e2400000| Untracked |  0
|  37|0x00000000e2500000, 0x00000000e2600000, 0x00000000e2600000|100%| O|  |TAMS 0x00000000e2500000| PB 0x00000000e2500000| Untracked |  0
|  38|0x00000000e2600000, 0x00000000e2700000, 0x00000000e2700000|100%| O|  |TAMS 0x00000000e2600000| PB 0x00000000e2600000| Untracked |  0
|  39|0x00000000e2700000, 0x00000000e2800000, 0x00000000e2800000|100%| O|  |TAMS 0x00000000e2700000| PB 0x00000000e2700000| Untracked |  0
|  40|0x00000000e2800000, 0x00000000e2900000, 0x00000000e2900000|100%|HS|  |TAMS 0x00000000e2800000| PB 0x00000000e2800000| Complete |  0
|  41|0x00000000e2900000, 0x00000000e2a00000, 0x00000000e2a00000|100%|HC|  |TAMS 0x00000000e2900000| PB 0x00000000e2900000| Complete |  0
|  42|0x00000000e2a00000, 0x00000000e2b00000, 0x00000000e2b00000|100%|HS|  |TAMS 0x00000000e2a00000| PB 0x00000000e2a00000| Complete |  0
|  43|0x00000000e2b00000, 0x00000000e2c00000, 0x00000000e2c00000|100%|HC|  |TAMS 0x00000000e2b00000| PB 0x00000000e2b00000| Complete |  0
|  44|0x00000000e2c00000, 0x00000000e2d00000, 0x00000000e2d00000|100%|HS|  |TAMS 0x00000000e2c00000| PB 0x00000000e2c00000| Complete |  0
|  45|0x00000000e2d00000, 0x00000000e2e00000, 0x00000000e2e00000|100%|HC|  |TAMS 0x00000000e2d00000| PB 0x00000000e2d00000| Complete |  0
|  46|0x00000000e2e00000, 0x00000000e2f00000, 0x00000000e2f00000|100%|HC|  |TAMS 0x00000000e2e00000| PB 0x00000000e2e00000| Complete |  0
|  47|0x00000000e2f00000, 0x00000000e3000000, 0x00000000e3000000|100%|HS|  |TAMS 0x00000000e2f00000| PB 0x00000000e2f00000| Complete |  0
|  48|0x00000000e3000000, 0x00000000e3100000, 0x00000000e3100000|100%|HC|  |TAMS 0x00000000e3000000| PB 0x00000000e3000000| Complete |  0
|  49|0x00000000e3100000, 0x00000000e3200000, 0x00000000e3200000|100%|HS|  |TAMS 0x00000000e3100000| PB 0x00000000e3100000| Complete |  0
|  50|0x00000000e3200000, 0x00000000e3300000, 0x00000000e3300000|100%|HC|  |TAMS 0x00000000e3200000| PB 0x00000000e3200000| Complete |  0
|  51|0x00000000e3300000, 0x00000000e3400000, 0x00000000e3400000|100%|HC|  |TAMS 0x00000000e3300000| PB 0x00000000e3300000| Complete |  0
|  52|0x00000000e3400000, 0x00000000e3500000, 0x00000000e3500000|100%| O|  |TAMS 0x00000000e3400000| PB 0x00000000e3400000| Untracked |  0
|  53|0x00000000e3500000, 0x00000000e3600000, 0x00000000e3600000|100%| O|  |TAMS 0x00000000e3500000| PB 0x00000000e3500000| Untracked |  0
|  54|0x00000000e3600000, 0x00000000e3700000, 0x00000000e3700000|100%| O|  |TAMS 0x00000000e3600000| PB 0x00000000e3600000| Untracked |  0
|  55|0x00000000e3700000, 0x00000000e3800000, 0x00000000e3800000|100%| O|  |TAMS 0x00000000e3700000| PB 0x00000000e3700000| Untracked |  0
|  56|0x00000000e3800000, 0x00000000e3900000, 0x00000000e3900000|100%| O|  |TAMS 0x00000000e3800000| PB 0x00000000e3800000| Untracked |  0
|  57|0x00000000e3900000, 0x00000000e3a00000, 0x00000000e3a00000|100%| O|  |TAMS 0x00000000e3900000| PB 0x00000000e3900000| Untracked |  0
|  58|0x00000000e3a00000, 0x00000000e3b00000, 0x00000000e3b00000|100%| O|  |TAMS 0x00000000e3a00000| PB 0x00000000e3a00000| Untracked |  0
|  59|0x00000000e3b00000, 0x00000000e3c00000, 0x00000000e3c00000|100%| O|  |TAMS 0x00000000e3b00000| PB 0x00000000e3b00000| Untracked |  0
|  60|0x00000000e3c00000, 0x00000000e3d00000, 0x00000000e3d00000|100%| O|  |TAMS 0x00000000e3c00000| PB 0x00000000e3c00000| Untracked |  0
|  61|0x00000000e3d00000, 0x00000000e3e00000, 0x00000000e3e00000|100%| O|  |TAMS 0x00000000e3d00000| PB 0x00000000e3d00000| Untracked |  0
|  62|0x00000000e3e00000, 0x00000000e3f00000, 0x00000000e3f00000|100%| O|  |TAMS 0x00000000e3e00000| PB 0x00000000e3e00000| Untracked |  0
|  63|0x00000000e3f00000, 0x00000000e4000000, 0x00000000e4000000|100%| O|  |TAMS 0x00000000e3f00000| PB 0x00000000e3f00000| Untracked |  0
|  64|0x00000000e4000000, 0x00000000e4100000, 0x00000000e4100000|100%| O|  |TAMS 0x00000000e4000000| PB 0x00000000e4000000| Untracked |  0
|  65|0x00000000e4100000, 0x00000000e4200000, 0x00000000e4200000|100%| O|  |TAMS 0x00000000e4100000| PB 0x00000000e4100000| Untracked |  0
|  66|0x00000000e4200000, 0x00000000e4300000, 0x00000000e4300000|100%| O|  |TAMS 0x00000000e4200000| PB 0x00000000e4200000| Untracked |  0
|  67|0x00000000e4300000, 0x00000000e4400000, 0x00000000e4400000|100%| O|  |TAMS 0x00000000e4300000| PB 0x00000000e4300000| Untracked |  0
|  68|0x00000000e4400000, 0x00000000e4500000, 0x00000000e4500000|100%| O|  |TAMS 0x00000000e4400000| PB 0x00000000e4400000| Untracked |  0
|  69|0x00000000e4500000, 0x00000000e4600000, 0x00000000e4600000|100%| O|  |TAMS 0x00000000e4500000| PB 0x00000000e4500000| Untracked |  0
|  70|0x00000000e4600000, 0x00000000e4700000, 0x00000000e4700000|100%| O|  |TAMS 0x00000000e4600000| PB 0x00000000e4600000| Untracked |  0
|  71|0x00000000e4700000, 0x00000000e4800000, 0x00000000e4800000|100%| O|  |TAMS 0x00000000e4700000| PB 0x00000000e4700000| Untracked |  0
|  72|0x00000000e4800000, 0x00000000e4900000, 0x00000000e4900000|100%| O|  |TAMS 0x00000000e4800000| PB 0x00000000e4800000| Untracked |  0
|  73|0x00000000e4900000, 0x00000000e4a00000, 0x00000000e4a00000|100%| O|  |TAMS 0x00000000e4900000| PB 0x00000000e4900000| Untracked |  0
|  74|0x00000000e4a00000, 0x00000000e4b00000, 0x00000000e4b00000|100%| O|  |TAMS 0x00000000e4a00000| PB 0x00000000e4a00000| Untracked |  0
|  75|0x00000000e4b00000, 0x00000000e4c00000, 0x00000000e4c00000|100%| O|  |TAMS 0x00000000e4b00000| PB 0x00000000e4b00000| Untracked |  0
|  76|0x00000000e4c00000, 0x00000000e4c8b440, 0x00000000e4d00000| 54%| O|  |TAMS 0x00000000e4c00000| PB 0x00000000e4c00000| Untracked |  0
|  77|0x00000000e4d00000, 0x00000000e4d00000, 0x00000000e4e00000|  0%| F|  |TAMS 0x00000000e4d00000| PB 0x00000000e4d00000| Untracked |  0
|  78|0x00000000e4e00000, 0x00000000e4e00000, 0x00000000e4f00000|  0%| F|  |TAMS 0x00000000e4e00000| PB 0x00000000e4e00000| Untracked |  0
|  79|0x00000000e4f00000, 0x00000000e4f00000, 0x00000000e5000000|  0%| F|  |TAMS 0x00000000e4f00000| PB 0x00000000e4f00000| Untracked |  0
|  80|0x00000000e5000000, 0x00000000e5000000, 0x00000000e5100000|  0%| F|  |TAMS 0x00000000e5000000| PB 0x00000000e5000000| Untracked |  0
|  81|0x00000000e5100000, 0x00000000e5100000, 0x00000000e5200000|  0%| F|  |TAMS 0x00000000e5100000| PB 0x00000000e5100000| Untracked |  0
|  82|0x00000000e5200000, 0x00000000e5200000, 0x00000000e5300000|  0%| F|  |TAMS 0x00000000e5200000| PB 0x00000000e5200000| Untracked |  0
|  83|0x00000000e5300000, 0x00000000e5300000, 0x00000000e5400000|  0%| F|  |TAMS 0x00000000e5300000| PB 0x00000000e5300000| Untracked |  0
|  84|0x00000000e5400000, 0x00000000e5400000, 0x00000000e5500000|  0%| F|  |TAMS 0x00000000e5400000| PB 0x00000000e5400000| Untracked |  0
|  85|0x00000000e5500000, 0x00000000e5500000, 0x00000000e5600000|  0%| F|  |TAMS 0x00000000e5500000| PB 0x00000000e5500000| Untracked |  0
|  86|0x00000000e5600000, 0x00000000e5600000, 0x00000000e5700000|  0%| F|  |TAMS 0x00000000e5600000| PB 0x00000000e5600000| Untracked |  0
|  87|0x00000000e5700000, 0x00000000e5700000, 0x00000000e5800000|  0%| F|  |TAMS 0x00000000e5700000| PB 0x00000000e5700000| Untracked |  0
|  88|0x00000000e5800000, 0x00000000e5800000, 0x00000000e5900000|  0%| F|  |TAMS 0x00000000e5800000| PB 0x00000000e5800000| Untracked |  0
|  89|0x00000000e5900000, 0x00000000e5900000, 0x00000000e5a00000|  0%| F|  |TAMS 0x00000000e5900000| PB 0x00000000e5900000| Untracked |  0
|  90|0x00000000e5a00000, 0x00000000e5a00000, 0x00000000e5b00000|  0%| F|  |TAMS 0x00000000e5a00000| PB 0x00000000e5a00000| Untracked |  0
|  91|0x00000000e5b00000, 0x00000000e5b00000, 0x00000000e5c00000|  0%| F|  |TAMS 0x00000000e5b00000| PB 0x00000000e5b00000| Untracked |  0
|  92|0x00000000e5c00000, 0x00000000e5c00000, 0x00000000e5d00000|  0%| F|  |TAMS 0x00000000e5c00000| PB 0x00000000e5c00000| Untracked |  0
|  93|0x00000000e5d00000, 0x00000000e5d00000, 0x00000000e5e00000|  0%| F|  |TAMS 0x00000000e5d00000| PB 0x00000000e5d00000| Untracked |  0
|  94|0x00000000e5e00000, 0x00000000e5e00000, 0x00000000e5f00000|  0%| F|  |TAMS 0x00000000e5e00000| PB 0x00000000e5e00000| Untracked |  0
|  95|0x00000000e5f00000, 0x00000000e5f00000, 0x00000000e6000000|  0%| F|  |TAMS 0x00000000e5f00000| PB 0x00000000e5f00000| Untracked |  0
|  96|0x00000000e6000000, 0x00000000e6000000, 0x00000000e6100000|  0%| F|  |TAMS 0x00000000e6000000| PB 0x00000000e6000000| Untracked |  0
|  97|0x00000000e6100000, 0x00000000e6100000, 0x00000000e6200000|  0%| F|  |TAMS 0x00000000e6100000| PB 0x00000000e6100000| Untracked |  0
|  98|0x00000000e6200000, 0x00000000e6200000, 0x00000000e6300000|  0%| F|  |TAMS 0x00000000e6200000| PB 0x00000000e6200000| Untracked |  0
|  99|0x00000000e6300000, 0x00000000e6300000, 0x00000000e6400000|  0%| F|  |TAMS 0x00000000e6300000| PB 0x00000000e6300000| Untracked |  0
| 100|0x00000000e6400000, 0x00000000e6400000, 0x00000000e6500000|  0%| F|  |TAMS 0x00000000e6400000| PB 0x00000000e6400000| Untracked |  0
| 101|0x00000000e6500000, 0x00000000e6500000, 0x00000000e6600000|  0%| F|  |TAMS 0x00000000e6500000| PB 0x00000000e6500000| Untracked |  0
| 102|0x00000000e6600000, 0x00000000e66c5bb0, 0x00000000e6700000| 77%| S|CS|TAMS 0x00000000e6600000| PB 0x00000000e6600000| Complete |  0
| 103|0x00000000e6700000, 0x00000000e6800000, 0x00000000e6800000|100%| S|CS|TAMS 0x00000000e6700000| PB 0x00000000e6700000| Complete |  0
| 104|0x00000000e6800000, 0x00000000e6900000, 0x00000000e6900000|100%| S|CS|TAMS 0x00000000e6800000| PB 0x00000000e6800000| Complete |  0
| 105|0x00000000e6900000, 0x00000000e6a00000, 0x00000000e6a00000|100%| S|CS|TAMS 0x00000000e6900000| PB 0x00000000e6900000| Complete |  0
| 106|0x00000000e6a00000, 0x00000000e6b00000, 0x00000000e6b00000|100%| S|CS|TAMS 0x00000000e6a00000| PB 0x00000000e6a00000| Complete |  0
| 107|0x00000000e6b00000, 0x00000000e6c00000, 0x00000000e6c00000|100%| S|CS|TAMS 0x00000000e6b00000| PB 0x00000000e6b00000| Complete |  0
| 108|0x00000000e6c00000, 0x00000000e6c00000, 0x00000000e6d00000|  0%| F|  |TAMS 0x00000000e6c00000| PB 0x00000000e6c00000| Untracked |  0
| 109|0x00000000e6d00000, 0x00000000e6d00000, 0x00000000e6e00000|  0%| F|  |TAMS 0x00000000e6d00000| PB 0x00000000e6d00000| Untracked |  0
| 110|0x00000000e6e00000, 0x00000000e6e00000, 0x00000000e6f00000|  0%| F|  |TAMS 0x00000000e6e00000| PB 0x00000000e6e00000| Untracked |  0
| 111|0x00000000e6f00000, 0x00000000e6f00000, 0x00000000e7000000|  0%| F|  |TAMS 0x00000000e6f00000| PB 0x00000000e6f00000| Untracked |  0
| 112|0x00000000e7000000, 0x00000000e7000000, 0x00000000e7100000|  0%| F|  |TAMS 0x00000000e7000000| PB 0x00000000e7000000| Untracked |  0
| 113|0x00000000e7100000, 0x00000000e7100000, 0x00000000e7200000|  0%| F|  |TAMS 0x00000000e7100000| PB 0x00000000e7100000| Untracked |  0
| 114|0x00000000e7200000, 0x00000000e7200000, 0x00000000e7300000|  0%| F|  |TAMS 0x00000000e7200000| PB 0x00000000e7200000| Untracked |  0
| 115|0x00000000e7300000, 0x00000000e7300000, 0x00000000e7400000|  0%| F|  |TAMS 0x00000000e7300000| PB 0x00000000e7300000| Untracked |  0
| 116|0x00000000e7400000, 0x00000000e7400000, 0x00000000e7500000|  0%| F|  |TAMS 0x00000000e7400000| PB 0x00000000e7400000| Untracked |  0
| 117|0x00000000e7500000, 0x00000000e7500000, 0x00000000e7600000|  0%| F|  |TAMS 0x00000000e7500000| PB 0x00000000e7500000| Untracked |  0
| 118|0x00000000e7600000, 0x00000000e7600000, 0x00000000e7700000|  0%| F|  |TAMS 0x00000000e7600000| PB 0x00000000e7600000| Untracked |  0
| 119|0x00000000e7700000, 0x00000000e7700000, 0x00000000e7800000|  0%| F|  |TAMS 0x00000000e7700000| PB 0x00000000e7700000| Untracked |  0
| 120|0x00000000e7800000, 0x00000000e7900000, 0x00000000e7900000|100%| S|CS|TAMS 0x00000000e7800000| PB 0x00000000e7800000| Complete |  0
| 121|0x00000000e7900000, 0x00000000e7a00000, 0x00000000e7a00000|100%| S|CS|TAMS 0x00000000e7900000| PB 0x00000000e7900000| Complete |  0
| 122|0x00000000e7a00000, 0x00000000e7b00000, 0x00000000e7b00000|100%| S|CS|TAMS 0x00000000e7a00000| PB 0x00000000e7a00000| Complete |  0
| 123|0x00000000e7b00000, 0x00000000e7c00000, 0x00000000e7c00000|100%| S|CS|TAMS 0x00000000e7b00000| PB 0x00000000e7b00000| Complete |  0
| 124|0x00000000e7c00000, 0x00000000e7d00000, 0x00000000e7d00000|100%| S|CS|TAMS 0x00000000e7c00000| PB 0x00000000e7c00000| Complete |  0
| 125|0x00000000e7d00000, 0x00000000e7e00000, 0x00000000e7e00000|100%| S|CS|TAMS 0x00000000e7d00000| PB 0x00000000e7d00000| Complete |  0
| 126|0x00000000e7e00000, 0x00000000e7e00000, 0x00000000e7f00000|  0%| F|  |TAMS 0x00000000e7e00000| PB 0x00000000e7e00000| Untracked |  0
| 127|0x00000000e7f00000, 0x00000000e7f00000, 0x00000000e8000000|  0%| F|  |TAMS 0x00000000e7f00000| PB 0x00000000e7f00000| Untracked |  0
| 128|0x00000000e8000000, 0x00000000e8000000, 0x00000000e8100000|  0%| F|  |TAMS 0x00000000e8000000| PB 0x00000000e8000000| Untracked |  0
| 129|0x00000000e8100000, 0x00000000e8100000, 0x00000000e8200000|  0%| F|  |TAMS 0x00000000e8100000| PB 0x00000000e8100000| Untracked |  0
| 130|0x00000000e8200000, 0x00000000e8200000, 0x00000000e8300000|  0%| F|  |TAMS 0x00000000e8200000| PB 0x00000000e8200000| Untracked |  0
| 131|0x00000000e8300000, 0x00000000e8300000, 0x00000000e8400000|  0%| F|  |TAMS 0x00000000e8300000| PB 0x00000000e8300000| Untracked |  0
| 132|0x00000000e8400000, 0x00000000e8400000, 0x00000000e8500000|  0%| F|  |TAMS 0x00000000e8400000| PB 0x00000000e8400000| Untracked |  0
| 133|0x00000000e8500000, 0x00000000e8500000, 0x00000000e8600000|  0%| F|  |TAMS 0x00000000e8500000| PB 0x00000000e8500000| Untracked |  0
| 134|0x00000000e8600000, 0x00000000e8600000, 0x00000000e8700000|  0%| F|  |TAMS 0x00000000e8600000| PB 0x00000000e8600000| Untracked |  0
| 135|0x00000000e8700000, 0x00000000e8700000, 0x00000000e8800000|  0%| F|  |TAMS 0x00000000e8700000| PB 0x00000000e8700000| Untracked |  0
| 136|0x00000000e8800000, 0x00000000e8800000, 0x00000000e8900000|  0%| F|  |TAMS 0x00000000e8800000| PB 0x00000000e8800000| Untracked |  0
| 137|0x00000000e8900000, 0x00000000e8900000, 0x00000000e8a00000|  0%| F|  |TAMS 0x00000000e8900000| PB 0x00000000e8900000| Untracked |  0
| 138|0x00000000e8a00000, 0x00000000e8a00000, 0x00000000e8b00000|  0%| F|  |TAMS 0x00000000e8a00000| PB 0x00000000e8a00000| Untracked |  0
| 139|0x00000000e8b00000, 0x00000000e8b00000, 0x00000000e8c00000|  0%| F|  |TAMS 0x00000000e8b00000| PB 0x00000000e8b00000| Untracked |  0
| 140|0x00000000e8c00000, 0x00000000e8c00000, 0x00000000e8d00000|  0%| F|  |TAMS 0x00000000e8c00000| PB 0x00000000e8c00000| Untracked |  0
| 141|0x00000000e8d00000, 0x00000000e8d00000, 0x00000000e8e00000|  0%| F|  |TAMS 0x00000000e8d00000| PB 0x00000000e8d00000| Untracked |  0
| 142|0x00000000e8e00000, 0x00000000e8e00000, 0x00000000e8f00000|  0%| F|  |TAMS 0x00000000e8e00000| PB 0x00000000e8e00000| Untracked |  0
| 143|0x00000000e8f00000, 0x00000000e8f00000, 0x00000000e9000000|  0%| F|  |TAMS 0x00000000e8f00000| PB 0x00000000e8f00000| Untracked |  0
| 144|0x00000000e9000000, 0x00000000e9000000, 0x00000000e9100000|  0%| F|  |TAMS 0x00000000e9000000| PB 0x00000000e9000000| Untracked |  0
| 145|0x00000000e9100000, 0x00000000e9100000, 0x00000000e9200000|  0%| F|  |TAMS 0x00000000e9100000| PB 0x00000000e9100000| Untracked |  0
| 146|0x00000000e9200000, 0x00000000e9200000, 0x00000000e9300000|  0%| F|  |TAMS 0x00000000e9200000| PB 0x00000000e9200000| Untracked |  0
| 147|0x00000000e9300000, 0x00000000e9300000, 0x00000000e9400000|  0%| F|  |TAMS 0x00000000e9300000| PB 0x00000000e9300000| Untracked |  0
| 148|0x00000000e9400000, 0x00000000e9400000, 0x00000000e9500000|  0%| F|  |TAMS 0x00000000e9400000| PB 0x00000000e9400000| Untracked |  0
| 149|0x00000000e9500000, 0x00000000e9500000, 0x00000000e9600000|  0%| F|  |TAMS 0x00000000e9500000| PB 0x00000000e9500000| Untracked |  0
| 150|0x00000000e9600000, 0x00000000e9600000, 0x00000000e9700000|  0%| F|  |TAMS 0x00000000e9600000| PB 0x00000000e9600000| Untracked |  0
| 151|0x00000000e9700000, 0x00000000e9700000, 0x00000000e9800000|  0%| F|  |TAMS 0x00000000e9700000| PB 0x00000000e9700000| Untracked |  0
| 152|0x00000000e9800000, 0x00000000e9800000, 0x00000000e9900000|  0%| F|  |TAMS 0x00000000e9800000| PB 0x00000000e9800000| Untracked |  0
| 153|0x00000000e9900000, 0x00000000e9900000, 0x00000000e9a00000|  0%| F|  |TAMS 0x00000000e9900000| PB 0x00000000e9900000| Untracked |  0
| 154|0x00000000e9a00000, 0x00000000e9a00000, 0x00000000e9b00000|  0%| F|  |TAMS 0x00000000e9a00000| PB 0x00000000e9a00000| Untracked |  0
| 155|0x00000000e9b00000, 0x00000000e9b00000, 0x00000000e9c00000|  0%| F|  |TAMS 0x00000000e9b00000| PB 0x00000000e9b00000| Untracked |  0
| 156|0x00000000e9c00000, 0x00000000e9c00000, 0x00000000e9d00000|  0%| F|  |TAMS 0x00000000e9c00000| PB 0x00000000e9c00000| Untracked |  0
| 157|0x00000000e9d00000, 0x00000000e9d00000, 0x00000000e9e00000|  0%| F|  |TAMS 0x00000000e9d00000| PB 0x00000000e9d00000| Untracked |  0
| 158|0x00000000e9e00000, 0x00000000e9e00000, 0x00000000e9f00000|  0%| F|  |TAMS 0x00000000e9e00000| PB 0x00000000e9e00000| Untracked |  0
| 159|0x00000000e9f00000, 0x00000000e9f00000, 0x00000000ea000000|  0%| F|  |TAMS 0x00000000e9f00000| PB 0x00000000e9f00000| Untracked |  0
| 160|0x00000000ea000000, 0x00000000ea000000, 0x00000000ea100000|  0%| F|  |TAMS 0x00000000ea000000| PB 0x00000000ea000000| Untracked |  0
| 161|0x00000000ea100000, 0x00000000ea100000, 0x00000000ea200000|  0%| F|  |TAMS 0x00000000ea100000| PB 0x00000000ea100000| Untracked |  0
| 162|0x00000000ea200000, 0x00000000ea200000, 0x00000000ea300000|  0%| F|  |TAMS 0x00000000ea200000| PB 0x00000000ea200000| Untracked |  0
| 163|0x00000000ea300000, 0x00000000ea300000, 0x00000000ea400000|  0%| F|  |TAMS 0x00000000ea300000| PB 0x00000000ea300000| Untracked |  0
| 164|0x00000000ea400000, 0x00000000ea400000, 0x00000000ea500000|  0%| F|  |TAMS 0x00000000ea400000| PB 0x00000000ea400000| Untracked |  0
| 165|0x00000000ea500000, 0x00000000ea500000, 0x00000000ea600000|  0%| F|  |TAMS 0x00000000ea500000| PB 0x00000000ea500000| Untracked |  0
| 166|0x00000000ea600000, 0x00000000ea600000, 0x00000000ea700000|  0%| F|  |TAMS 0x00000000ea600000| PB 0x00000000ea600000| Untracked |  0
| 167|0x00000000ea700000, 0x00000000ea700000, 0x00000000ea800000|  0%| F|  |TAMS 0x00000000ea700000| PB 0x00000000ea700000| Untracked |  0
| 168|0x00000000ea800000, 0x00000000ea800000, 0x00000000ea900000|  0%| F|  |TAMS 0x00000000ea800000| PB 0x00000000ea800000| Untracked |  0
| 169|0x00000000ea900000, 0x00000000ea900000, 0x00000000eaa00000|  0%| F|  |TAMS 0x00000000ea900000| PB 0x00000000ea900000| Untracked |  0
| 170|0x00000000eaa00000, 0x00000000eaa00000, 0x00000000eab00000|  0%| F|  |TAMS 0x00000000eaa00000| PB 0x00000000eaa00000| Untracked |  0
| 171|0x00000000eab00000, 0x00000000eab00000, 0x00000000eac00000|  0%| F|  |TAMS 0x00000000eab00000| PB 0x00000000eab00000| Untracked |  0
| 172|0x00000000eac00000, 0x00000000eac00000, 0x00000000ead00000|  0%| F|  |TAMS 0x00000000eac00000| PB 0x00000000eac00000| Untracked |  0
| 173|0x00000000ead00000, 0x00000000ead00000, 0x00000000eae00000|  0%| F|  |TAMS 0x00000000ead00000| PB 0x00000000ead00000| Untracked |  0
| 174|0x00000000eae00000, 0x00000000eae00000, 0x00000000eaf00000|  0%| F|  |TAMS 0x00000000eae00000| PB 0x00000000eae00000| Untracked |  0
| 175|0x00000000eaf00000, 0x00000000eaf00000, 0x00000000eb000000|  0%| F|  |TAMS 0x00000000eaf00000| PB 0x00000000eaf00000| Untracked |  0
| 176|0x00000000eb000000, 0x00000000eb000000, 0x00000000eb100000|  0%| F|  |TAMS 0x00000000eb000000| PB 0x00000000eb000000| Untracked |  0
| 177|0x00000000eb100000, 0x00000000eb100000, 0x00000000eb200000|  0%| F|  |TAMS 0x00000000eb100000| PB 0x00000000eb100000| Untracked |  0
| 178|0x00000000eb200000, 0x00000000eb200000, 0x00000000eb300000|  0%| F|  |TAMS 0x00000000eb200000| PB 0x00000000eb200000| Untracked |  0
| 179|0x00000000eb300000, 0x00000000eb300000, 0x00000000eb400000|  0%| F|  |TAMS 0x00000000eb300000| PB 0x00000000eb300000| Untracked |  0
| 180|0x00000000eb400000, 0x00000000eb400000, 0x00000000eb500000|  0%| F|  |TAMS 0x00000000eb400000| PB 0x00000000eb400000| Untracked |  0
| 181|0x00000000eb500000, 0x00000000eb500000, 0x00000000eb600000|  0%| F|  |TAMS 0x00000000eb500000| PB 0x00000000eb500000| Untracked |  0
| 182|0x00000000eb600000, 0x00000000eb600000, 0x00000000eb700000|  0%| F|  |TAMS 0x00000000eb600000| PB 0x00000000eb600000| Untracked |  0
| 183|0x00000000eb700000, 0x00000000eb700000, 0x00000000eb800000|  0%| F|  |TAMS 0x00000000eb700000| PB 0x00000000eb700000| Untracked |  0
| 184|0x00000000eb800000, 0x00000000eb800000, 0x00000000eb900000|  0%| F|  |TAMS 0x00000000eb800000| PB 0x00000000eb800000| Untracked |  0
| 185|0x00000000eb900000, 0x00000000eb900000, 0x00000000eba00000|  0%| F|  |TAMS 0x00000000eb900000| PB 0x00000000eb900000| Untracked |  0
| 186|0x00000000eba00000, 0x00000000eba00000, 0x00000000ebb00000|  0%| F|  |TAMS 0x00000000eba00000| PB 0x00000000eba00000| Untracked |  0
| 187|0x00000000ebb00000, 0x00000000ebb00000, 0x00000000ebc00000|  0%| F|  |TAMS 0x00000000ebb00000| PB 0x00000000ebb00000| Untracked |  0
| 188|0x00000000ebc00000, 0x00000000ebc00000, 0x00000000ebd00000|  0%| F|  |TAMS 0x00000000ebc00000| PB 0x00000000ebc00000| Untracked |  0
| 189|0x00000000ebd00000, 0x00000000ebd00000, 0x00000000ebe00000|  0%| F|  |TAMS 0x00000000ebd00000| PB 0x00000000ebd00000| Untracked |  0
| 190|0x00000000ebe00000, 0x00000000ebe00000, 0x00000000ebf00000|  0%| F|  |TAMS 0x00000000ebe00000| PB 0x00000000ebe00000| Untracked |  0
| 191|0x00000000ebf00000, 0x00000000ebf00000, 0x00000000ec000000|  0%| F|  |TAMS 0x00000000ebf00000| PB 0x00000000ebf00000| Untracked |  0
| 192|0x00000000ec000000, 0x00000000ec000000, 0x00000000ec100000|  0%| F|  |TAMS 0x00000000ec000000| PB 0x00000000ec000000| Untracked |  0
| 193|0x00000000ec100000, 0x00000000ec100000, 0x00000000ec200000|  0%| F|  |TAMS 0x00000000ec100000| PB 0x00000000ec100000| Untracked |  0
| 194|0x00000000ec200000, 0x00000000ec200000, 0x00000000ec300000|  0%| F|  |TAMS 0x00000000ec200000| PB 0x00000000ec200000| Untracked |  0
| 195|0x00000000ec300000, 0x00000000ec300000, 0x00000000ec400000|  0%| F|  |TAMS 0x00000000ec300000| PB 0x00000000ec300000| Untracked |  0
| 196|0x00000000ec400000, 0x00000000ec400000, 0x00000000ec500000|  0%| F|  |TAMS 0x00000000ec400000| PB 0x00000000ec400000| Untracked |  0
| 197|0x00000000ec500000, 0x00000000ec500000, 0x00000000ec600000|  0%| F|  |TAMS 0x00000000ec500000| PB 0x00000000ec500000| Untracked |  0
| 198|0x00000000ec600000, 0x00000000ec600000, 0x00000000ec700000|  0%| F|  |TAMS 0x00000000ec600000| PB 0x00000000ec600000| Untracked |  0
| 199|0x00000000ec700000, 0x00000000ec700000, 0x00000000ec800000|  0%| F|  |TAMS 0x00000000ec700000| PB 0x00000000ec700000| Untracked |  0
| 200|0x00000000ec800000, 0x00000000ec800000, 0x00000000ec900000|  0%| F|  |TAMS 0x00000000ec800000| PB 0x00000000ec800000| Untracked |  0
| 201|0x00000000ec900000, 0x00000000ec900000, 0x00000000eca00000|  0%| F|  |TAMS 0x00000000ec900000| PB 0x00000000ec900000| Untracked |  0
| 202|0x00000000eca00000, 0x00000000eca00000, 0x00000000ecb00000|  0%| F|  |TAMS 0x00000000eca00000| PB 0x00000000eca00000| Untracked |  0
| 203|0x00000000ecb00000, 0x00000000ecb00000, 0x00000000ecc00000|  0%| F|  |TAMS 0x00000000ecb00000| PB 0x00000000ecb00000| Untracked |  0
| 204|0x00000000ecc00000, 0x00000000ecc00000, 0x00000000ecd00000|  0%| F|  |TAMS 0x00000000ecc00000| PB 0x00000000ecc00000| Untracked |  0
| 205|0x00000000ecd00000, 0x00000000ecd00000, 0x00000000ece00000|  0%| F|  |TAMS 0x00000000ecd00000| PB 0x00000000ecd00000| Untracked |  0
| 206|0x00000000ece00000, 0x00000000ece00000, 0x00000000ecf00000|  0%| F|  |TAMS 0x00000000ece00000| PB 0x00000000ece00000| Untracked |  0
| 207|0x00000000ecf00000, 0x00000000ecf00000, 0x00000000ed000000|  0%| F|  |TAMS 0x00000000ecf00000| PB 0x00000000ecf00000| Untracked |  0
| 208|0x00000000ed000000, 0x00000000ed000000, 0x00000000ed100000|  0%| F|  |TAMS 0x00000000ed000000| PB 0x00000000ed000000| Untracked |  0
| 209|0x00000000ed100000, 0x00000000ed100000, 0x00000000ed200000|  0%| F|  |TAMS 0x00000000ed100000| PB 0x00000000ed100000| Untracked |  0
| 210|0x00000000ed200000, 0x00000000ed200000, 0x00000000ed300000|  0%| F|  |TAMS 0x00000000ed200000| PB 0x00000000ed200000| Untracked |  0
| 211|0x00000000ed300000, 0x00000000ed300000, 0x00000000ed400000|  0%| F|  |TAMS 0x00000000ed300000| PB 0x00000000ed300000| Untracked |  0
| 212|0x00000000ed400000, 0x00000000ed400000, 0x00000000ed500000|  0%| F|  |TAMS 0x00000000ed400000| PB 0x00000000ed400000| Untracked |  0
| 213|0x00000000ed500000, 0x00000000ed500000, 0x00000000ed600000|  0%| F|  |TAMS 0x00000000ed500000| PB 0x00000000ed500000| Untracked |  0
| 214|0x00000000ed600000, 0x00000000ed600000, 0x00000000ed700000|  0%| F|  |TAMS 0x00000000ed600000| PB 0x00000000ed600000| Untracked |  0
| 215|0x00000000ed700000, 0x00000000ed700000, 0x00000000ed800000|  0%| F|  |TAMS 0x00000000ed700000| PB 0x00000000ed700000| Untracked |  0
| 216|0x00000000ed800000, 0x00000000ed800000, 0x00000000ed900000|  0%| F|  |TAMS 0x00000000ed800000| PB 0x00000000ed800000| Untracked |  0
| 217|0x00000000ed900000, 0x00000000ed900000, 0x00000000eda00000|  0%| F|  |TAMS 0x00000000ed900000| PB 0x00000000ed900000| Untracked |  0
| 218|0x00000000eda00000, 0x00000000eda00000, 0x00000000edb00000|  0%| F|  |TAMS 0x00000000eda00000| PB 0x00000000eda00000| Untracked |  0
| 219|0x00000000edb00000, 0x00000000edb00000, 0x00000000edc00000|  0%| F|  |TAMS 0x00000000edb00000| PB 0x00000000edb00000| Untracked |  0
| 220|0x00000000edc00000, 0x00000000edc00000, 0x00000000edd00000|  0%| F|  |TAMS 0x00000000edc00000| PB 0x00000000edc00000| Untracked |  0
| 221|0x00000000edd00000, 0x00000000ede00000, 0x00000000ede00000|100%| E|  |TAMS 0x00000000edd00000| PB 0x00000000edd00000| Complete |  0
| 222|0x00000000ede00000, 0x00000000edf00000, 0x00000000edf00000|100%| E|CS|TAMS 0x00000000ede00000| PB 0x00000000ede00000| Complete |  0
| 223|0x00000000edf00000, 0x00000000ee000000, 0x00000000ee000000|100%| E|CS|TAMS 0x00000000edf00000| PB 0x00000000edf00000| Complete |  0
| 224|0x00000000ee000000, 0x00000000ee100000, 0x00000000ee100000|100%| E|CS|TAMS 0x00000000ee000000| PB 0x00000000ee000000| Complete |  0
| 225|0x00000000ee100000, 0x00000000ee200000, 0x00000000ee200000|100%| E|CS|TAMS 0x00000000ee100000| PB 0x00000000ee100000| Complete |  0
| 226|0x00000000ee200000, 0x00000000ee300000, 0x00000000ee300000|100%| E|CS|TAMS 0x00000000ee200000| PB 0x00000000ee200000| Complete |  0
| 227|0x00000000ee300000, 0x00000000ee400000, 0x00000000ee400000|100%| E|CS|TAMS 0x00000000ee300000| PB 0x00000000ee300000| Complete |  0
| 228|0x00000000ee400000, 0x00000000ee500000, 0x00000000ee500000|100%| E|CS|TAMS 0x00000000ee400000| PB 0x00000000ee400000| Complete |  0
| 229|0x00000000ee500000, 0x00000000ee600000, 0x00000000ee600000|100%| E|CS|TAMS 0x00000000ee500000| PB 0x00000000ee500000| Complete |  0
| 230|0x00000000ee600000, 0x00000000ee700000, 0x00000000ee700000|100%| E|CS|TAMS 0x00000000ee600000| PB 0x00000000ee600000| Complete |  0
| 231|0x00000000ee700000, 0x00000000ee800000, 0x00000000ee800000|100%| E|CS|TAMS 0x00000000ee700000| PB 0x00000000ee700000| Complete |  0
| 232|0x00000000ee800000, 0x00000000ee900000, 0x00000000ee900000|100%| E|CS|TAMS 0x00000000ee800000| PB 0x00000000ee800000| Complete |  0
| 233|0x00000000ee900000, 0x00000000eea00000, 0x00000000eea00000|100%| E|CS|TAMS 0x00000000ee900000| PB 0x00000000ee900000| Complete |  0
| 234|0x00000000eea00000, 0x00000000eeb00000, 0x00000000eeb00000|100%| E|CS|TAMS 0x00000000eea00000| PB 0x00000000eea00000| Complete |  0
| 235|0x00000000eeb00000, 0x00000000eec00000, 0x00000000eec00000|100%| E|CS|TAMS 0x00000000eeb00000| PB 0x00000000eeb00000| Complete |  0
| 236|0x00000000eec00000, 0x00000000eed00000, 0x00000000eed00000|100%| E|CS|TAMS 0x00000000eec00000| PB 0x00000000eec00000| Complete |  0
| 237|0x00000000eed00000, 0x00000000eee00000, 0x00000000eee00000|100%| E|CS|TAMS 0x00000000eed00000| PB 0x00000000eed00000| Complete |  0
| 238|0x00000000eee00000, 0x00000000eef00000, 0x00000000eef00000|100%| E|CS|TAMS 0x00000000eee00000| PB 0x00000000eee00000| Complete |  0
| 239|0x00000000eef00000, 0x00000000ef000000, 0x00000000ef000000|100%| E|CS|TAMS 0x00000000eef00000| PB 0x00000000eef00000| Complete |  0
| 240|0x00000000ef000000, 0x00000000ef100000, 0x00000000ef100000|100%| E|CS|TAMS 0x00000000ef000000| PB 0x00000000ef000000| Complete |  0
| 241|0x00000000ef100000, 0x00000000ef200000, 0x00000000ef200000|100%| E|CS|TAMS 0x00000000ef100000| PB 0x00000000ef100000| Complete |  0
| 242|0x00000000ef200000, 0x00000000ef300000, 0x00000000ef300000|100%| E|CS|TAMS 0x00000000ef200000| PB 0x00000000ef200000| Complete |  0
| 243|0x00000000ef300000, 0x00000000ef400000, 0x00000000ef400000|100%| E|CS|TAMS 0x00000000ef300000| PB 0x00000000ef300000| Complete |  0
| 244|0x00000000ef400000, 0x00000000ef500000, 0x00000000ef500000|100%| E|CS|TAMS 0x00000000ef400000| PB 0x00000000ef400000| Complete |  0
| 245|0x00000000ef500000, 0x00000000ef600000, 0x00000000ef600000|100%| E|CS|TAMS 0x00000000ef500000| PB 0x00000000ef500000| Complete |  0
| 246|0x00000000ef600000, 0x00000000ef700000, 0x00000000ef700000|100%| E|CS|TAMS 0x00000000ef600000| PB 0x00000000ef600000| Complete |  0
| 247|0x00000000ef700000, 0x00000000ef800000, 0x00000000ef800000|100%| E|CS|TAMS 0x00000000ef700000| PB 0x00000000ef700000| Complete |  0
| 248|0x00000000ef800000, 0x00000000ef900000, 0x00000000ef900000|100%| E|CS|TAMS 0x00000000ef800000| PB 0x00000000ef800000| Complete |  0
| 249|0x00000000ef900000, 0x00000000efa00000, 0x00000000efa00000|100%| E|CS|TAMS 0x00000000ef900000| PB 0x00000000ef900000| Complete |  0
| 250|0x00000000efa00000, 0x00000000efb00000, 0x00000000efb00000|100%| E|CS|TAMS 0x00000000efa00000| PB 0x00000000efa00000| Complete |  0
| 251|0x00000000efb00000, 0x00000000efc00000, 0x00000000efc00000|100%| E|CS|TAMS 0x00000000efb00000| PB 0x00000000efb00000| Complete |  0
| 252|0x00000000efc00000, 0x00000000efd00000, 0x00000000efd00000|100%| E|CS|TAMS 0x00000000efc00000| PB 0x00000000efc00000| Complete |  0
| 253|0x00000000efd00000, 0x00000000efe00000, 0x00000000efe00000|100%| E|CS|TAMS 0x00000000efd00000| PB 0x00000000efd00000| Complete |  0
| 254|0x00000000efe00000, 0x00000000eff00000, 0x00000000eff00000|100%| E|CS|TAMS 0x00000000efe00000| PB 0x00000000efe00000| Complete |  0
| 255|0x00000000eff00000, 0x00000000f0000000, 0x00000000f0000000|100%| E|CS|TAMS 0x00000000eff00000| PB 0x00000000eff00000| Complete |  0

Card table byte_map: [0x000001c0e6fb0000,0x000001c0e70b0000] _byte_map_base: 0x000001c0e68b0000

Marking Bits: (CMBitMap*) 0x000001c0cea807a0
 Bits: [0x000001c0e70b0000, 0x000001c0e78b0000)

Polling page: 0x000001c0cd220000

Metaspace:

Usage:
  Non-class:     69.39 MB used.
      Class:     11.65 MB used.
       Both:     81.04 MB used.

Virtual space:
  Non-class space:      128.00 MB reserved,      70.44 MB ( 55%) committed,  2 nodes.
      Class space:      320.00 MB reserved,      12.69 MB (  4%) committed,  1 nodes.
             Both:      448.00 MB reserved,      83.12 MB ( 19%) committed. 

Chunk freelists:
   Non-Class:  9.31 MB
       Class:  3.17 MB
        Both:  12.48 MB

MaxMetaspaceSize: 384.00 MB
CompressedClassSpaceSize: 320.00 MB
Initial GC threshold: 21.00 MB
Current GC threshold: 99.50 MB
CDS: on
 - commit_granule_bytes: 65536.
 - commit_granule_words: 8192.
 - virtual_space_node_default_size: 8388608.
 - enlarge_chunks_in_place: 1.
 - use_allocation_guard: 0.


Internal statistics:

num_allocs_failed_limit: 15.
num_arena_births: 3756.
num_arena_deaths: 0.
num_vsnodes_births: 3.
num_vsnodes_deaths: 0.
num_space_committed: 1330.
num_space_uncommitted: 0.
num_chunks_returned_to_freelist: 15.
num_chunks_taken_from_freelist: 7230.
num_chunk_merges: 12.
num_chunk_splits: 4727.
num_chunks_enlarged: 2976.
num_inconsistent_stats: 0.

CodeHeap 'non-profiled nmethods': size=120064Kb used=5225Kb max_used=5225Kb free=114838Kb
 bounds [0x000001c0deef0000, 0x000001c0df410000, 0x000001c0e6430000]
CodeHeap 'profiled nmethods': size=120000Kb used=16032Kb max_used=16032Kb free=103967Kb
 bounds [0x000001c0d7430000, 0x000001c0d83e0000, 0x000001c0de960000]
CodeHeap 'non-nmethods': size=5696Kb used=2139Kb max_used=2195Kb free=3556Kb
 bounds [0x000001c0de960000, 0x000001c0debd0000, 0x000001c0deef0000]
CodeCache: size=245760Kb, used=23396Kb, max_used=23452Kb, free=222361Kb
 total_blobs=11595, nmethods=10716, adapters=783, full_count=0
Compilation: enabled, stopped_count=0, restarted_count=0

Compilation events (20 events):
Event: 39.021 Thread 0x000001c0990404e0 11352       3       org.gradle.api.internal.provider.DefaultProperty::set (42 bytes)
Event: 39.023 Thread 0x000001c09ebc3520 nmethod 11298 0x000001c0df3f6888 code [0x000001c0df3f6a60, 0x000001c0df3f7230]
Event: 39.023 Thread 0x000001c0990404e0 nmethod 11352 0x000001c0d8397108 code [0x000001c0d83972e0, 0x000001c0d8397fb8]
Event: 39.023 Thread 0x000001c09ebc3520 11255       4       org.objectweb.asm.MethodWriter::visitFrameStart (55 bytes)
Event: 39.023 Thread 0x000001c0990404e0 11353       3       org.gradle.internal.properties.annotations.AbstractTypeMetadataWalker::getQualifiedName (32 bytes)
Event: 39.024 Thread 0x000001c0990404e0 nmethod 11353 0x000001c0d8398088 code [0x000001c0d8398220, 0x000001c0d8398818]
Event: 39.025 Thread 0x000001c0990404e0 11354       3       org.gradle.internal.properties.annotations.AbstractTypeMetadataWalker$$Lambda/0x000001c08195ae58::accept (28 bytes)
Event: 39.025 Thread 0x000001c0990404e0 nmethod 11354 0x000001c0d8398888 code [0x000001c0d83989c0, 0x000001c0d8398c20]
Event: 39.026 Thread 0x000001c0990404e0 11355   !   3       org.gradle.api.internal.file.FileNotationConverter::convert (266 bytes)
Event: 39.027 Thread 0x000001c09ebc64d0 nmethod 11296 0x000001c0df3f7408 code [0x000001c0df3f7520, 0x000001c0df3f79d8]
Event: 39.027 Thread 0x000001c09ebc64d0 11286       4       sun.reflect.generics.parser.SignatureParser::parseTypeSignature (130 bytes)
Event: 39.029 Thread 0x000001c09ebc3520 nmethod 11255 0x000001c0df3f7a08 code [0x000001c0df3f7b20, 0x000001c0df3f7e50]
Event: 39.030 Thread 0x000001c09ebc3520 11335       4       jdk.internal.misc.Unsafe::checkPointer (19 bytes)
Event: 39.030 Thread 0x000001c0990404e0 nmethod 11355 0x000001c0d8398c88 code [0x000001c0d8399140, 0x000001c0d839bf10]
Event: 39.030 Thread 0x000001c0990404e0 11356       3       org.gradle.api.internal.file.AbstractFileResolver::resolveFile (19 bytes)
Event: 39.031 Thread 0x000001c09ebc3520 nmethod 11335 0x000001c0df3f7e88 code [0x000001c0df3f7f80, 0x000001c0df3f8030]
Event: 39.031 Thread 0x000001c0990404e0 nmethod 11356 0x000001c0d839c008 code [0x000001c0d839c140, 0x000001c0d839c420]
Event: 39.031 Thread 0x000001c0990404e0 11357       3       org.gradle.api.internal.file.AbstractFileResolver::validate (184 bytes)
Event: 39.032 Thread 0x000001c09ebc64d0 nmethod 11286 0x000001c0df3f8188 code [0x000001c0df3f82c0, 0x000001c0df3f84d0]
Event: 39.032 Thread 0x000001c09ebc64d0 11358       4       java.util.LinkedHashMap::keysToArray (80 bytes)

GC Heap History (20 events):
Event: 9.450 GC heap before
{Heap before GC invocations=4 (full 0):
 garbage-first heap   total reserved 524288K, committed 262144K, used 54840K [0x00000000e0000000, 0x0000000100000000)
  region size 1024K, 43 young (44032K), 9 survivors (9216K)
 Metaspace       used 20798K, committed 21504K, reserved 393216K
  class space    used 3072K, committed 3392K, reserved 327680K
}
Event: 9.468 GC heap after
{Heap after GC invocations=5 (full 0):
 garbage-first heap   total reserved 524288K, committed 262144K, used 25147K [0x00000000e0000000, 0x0000000100000000)
  region size 1024K, 3 young (3072K), 3 survivors (3072K)
 Metaspace       used 20798K, committed 21504K, reserved 393216K
  class space    used 3072K, committed 3392K, reserved 327680K
}
Event: 13.362 GC heap before
{Heap before GC invocations=6 (full 0):
 garbage-first heap   total reserved 524288K, committed 262144K, used 144955K [0x00000000e0000000, 0x0000000100000000)
  region size 1024K, 119 young (121856K), 3 survivors (3072K)
 Metaspace       used 33725K, committed 34816K, reserved 393216K
  class space    used 4758K, committed 5248K, reserved 327680K
}
Event: 13.376 GC heap after
{Heap after GC invocations=7 (full 0):
 garbage-first heap   total reserved 524288K, committed 262144K, used 32007K [0x00000000e0000000, 0x0000000100000000)
  region size 1024K, 10 young (10240K), 10 survivors (10240K)
 Metaspace       used 33725K, committed 34816K, reserved 393216K
  class space    used 4758K, committed 5248K, reserved 327680K
}
Event: 14.034 GC heap before
{Heap before GC invocations=7 (full 0):
 garbage-first heap   total reserved 524288K, committed 262144K, used 43271K [0x00000000e0000000, 0x0000000100000000)
  region size 1024K, 22 young (22528K), 10 survivors (10240K)
 Metaspace       used 34903K, committed 35968K, reserved 393216K
  class space    used 4975K, committed 5440K, reserved 327680K
}
Event: 14.048 GC heap after
{Heap after GC invocations=8 (full 0):
 garbage-first heap   total reserved 524288K, committed 262144K, used 32598K [0x00000000e0000000, 0x0000000100000000)
  region size 1024K, 9 young (9216K), 9 survivors (9216K)
 Metaspace       used 34903K, committed 35968K, reserved 393216K
  class space    used 4975K, committed 5440K, reserved 327680K
}
Event: 14.165 GC heap before
{Heap before GC invocations=8 (full 0):
 garbage-first heap   total reserved 524288K, committed 262144K, used 36694K [0x00000000e0000000, 0x0000000100000000)
  region size 1024K, 14 young (14336K), 9 survivors (9216K)
 Metaspace       used 35175K, committed 36288K, reserved 393216K
  class space    used 5031K, committed 5568K, reserved 327680K
}
Event: 14.178 GC heap after
{Heap after GC invocations=9 (full 0):
 garbage-first heap   total reserved 524288K, committed 262144K, used 33439K [0x00000000e0000000, 0x0000000100000000)
  region size 1024K, 9 young (9216K), 9 survivors (9216K)
 Metaspace       used 35175K, committed 36288K, reserved 393216K
  class space    used 5031K, committed 5568K, reserved 327680K
}
Event: 19.747 GC heap before
{Heap before GC invocations=10 (full 0):
 garbage-first heap   total reserved 524288K, committed 262144K, used 178847K [0x00000000e0000000, 0x0000000100000000)
  region size 1024K, 151 young (154624K), 9 survivors (9216K)
 Metaspace       used 51703K, committed 53568K, reserved 393216K
  class space    used 7667K, committed 8576K, reserved 327680K
}
Event: 19.765 GC heap after
{Heap after GC invocations=11 (full 0):
 garbage-first heap   total reserved 524288K, committed 262144K, used 41002K [0x00000000e0000000, 0x0000000100000000)
  region size 1024K, 17 young (17408K), 17 survivors (17408K)
 Metaspace       used 51703K, committed 53568K, reserved 393216K
  class space    used 7667K, committed 8576K, reserved 327680K
}
Event: 22.781 GC heap before
{Heap before GC invocations=11 (full 0):
 garbage-first heap   total reserved 524288K, committed 262144K, used 71722K [0x00000000e0000000, 0x0000000100000000)
  region size 1024K, 48 young (49152K), 17 survivors (17408K)
 Metaspace       used 58933K, committed 60736K, reserved 393216K
  class space    used 8594K, committed 9472K, reserved 327680K
}
Event: 22.814 GC heap after
{Heap after GC invocations=12 (full 0):
 garbage-first heap   total reserved 524288K, committed 262144K, used 43802K [0x00000000e0000000, 0x0000000100000000)
  region size 1024K, 13 young (13312K), 13 survivors (13312K)
 Metaspace       used 58933K, committed 60736K, reserved 393216K
  class space    used 8594K, committed 9472K, reserved 327680K
}
Event: 23.134 GC heap before
{Heap before GC invocations=12 (full 0):
 garbage-first heap   total reserved 524288K, committed 262144K, used 50970K [0x00000000e0000000, 0x0000000100000000)
  region size 1024K, 21 young (21504K), 13 survivors (13312K)
 Metaspace       used 59211K, committed 61056K, reserved 393216K
  class space    used 8631K, committed 9536K, reserved 327680K
}
Event: 23.149 GC heap after
{Heap after GC invocations=13 (full 0):
 garbage-first heap   total reserved 524288K, committed 262144K, used 46224K [0x00000000e0000000, 0x0000000100000000)
  region size 1024K, 6 young (6144K), 6 survivors (6144K)
 Metaspace       used 59211K, committed 61056K, reserved 393216K
  class space    used 8631K, committed 9536K, reserved 327680K
}
Event: 27.965 GC heap before
{Heap before GC invocations=14 (full 0):
 garbage-first heap   total reserved 524288K, committed 262144K, used 190608K [0x00000000e0000000, 0x0000000100000000)
  region size 1024K, 148 young (151552K), 6 survivors (6144K)
 Metaspace       used 61011K, committed 62912K, reserved 393216K
  class space    used 8790K, committed 9664K, reserved 327680K
}
Event: 27.998 GC heap after
{Heap after GC invocations=15 (full 0):
 garbage-first heap   total reserved 524288K, committed 262144K, used 57235K [0x00000000e0000000, 0x0000000100000000)
  region size 1024K, 17 young (17408K), 17 survivors (17408K)
 Metaspace       used 61011K, committed 62912K, reserved 393216K
  class space    used 8790K, committed 9664K, reserved 327680K
}
Event: 32.363 GC heap before
{Heap before GC invocations=15 (full 0):
 garbage-first heap   total reserved 524288K, committed 262144K, used 207763K [0x00000000e0000000, 0x0000000100000000)
  region size 1024K, 153 young (156672K), 17 survivors (17408K)
 Metaspace       used 71214K, committed 73216K, reserved 393216K
  class space    used 10296K, committed 11264K, reserved 327680K
}
Event: 32.392 GC heap after
{Heap after GC invocations=16 (full 0):
 garbage-first heap   total reserved 524288K, committed 262144K, used 79915K [0x00000000e0000000, 0x0000000100000000)
  region size 1024K, 13 young (13312K), 13 survivors (13312K)
 Metaspace       used 71214K, committed 73216K, reserved 393216K
  class space    used 10296K, committed 11264K, reserved 327680K
}
Event: 38.297 GC heap before
{Heap before GC invocations=16 (full 0):
 garbage-first heap   total reserved 524288K, committed 262144K, used 213035K [0x00000000e0000000, 0x0000000100000000)
  region size 1024K, 143 young (146432K), 13 survivors (13312K)
 Metaspace       used 81177K, committed 83264K, reserved 458752K
  class space    used 11674K, committed 12672K, reserved 327680K
}
Event: 38.316 GC heap after
{Heap after GC invocations=17 (full 0):
 garbage-first heap   total reserved 524288K, committed 262144K, used 90435K [0x00000000e0000000, 0x0000000100000000)
  region size 1024K, 12 young (12288K), 12 survivors (12288K)
 Metaspace       used 81177K, committed 83264K, reserved 458752K
  class space    used 11674K, committed 12672K, reserved 327680K
}

Dll operation events (15 events):
Event: 0.027 Loaded shared library C:\Program Files\Java\jdk-23\bin\java.dll
Event: 0.105 Loaded shared library C:\Program Files\Java\jdk-23\bin\jsvml.dll
Event: 0.241 Loaded shared library C:\Program Files\Java\jdk-23\bin\zip.dll
Event: 0.250 Loaded shared library C:\Program Files\Java\jdk-23\bin\instrument.dll
Event: 0.266 Loaded shared library C:\Program Files\Java\jdk-23\bin\net.dll
Event: 0.273 Loaded shared library C:\Program Files\Java\jdk-23\bin\nio.dll
Event: 0.286 Loaded shared library C:\Program Files\Java\jdk-23\bin\zip.dll
Event: 1.004 Loaded shared library C:\Program Files\Java\jdk-23\bin\jimage.dll
Event: 1.404 Loaded shared library C:\Program Files\Java\jdk-23\bin\verify.dll
Event: 1.681 Loaded shared library C:\Users\pablo\.gradle\native\1def1411415f61bf3af743bc5b6707747c0891f09f0c88961ee8f79bc544acac\windows-amd64\native-platform.dll
Event: 1.725 Loaded shared library C:\Users\pablo\.gradle\native\0.2.7\x86_64-windows-gnu\gradle-fileevents.dll
Event: 4.434 Loaded shared library C:\Program Files\Java\jdk-23\bin\management.dll
Event: 4.438 Loaded shared library C:\Program Files\Java\jdk-23\bin\management_ext.dll
Event: 4.719 Loaded shared library C:\Program Files\Java\jdk-23\bin\extnet.dll
Event: 5.236 Loaded shared library C:\Program Files\Java\jdk-23\bin\sunmscapi.dll

Deoptimization events (20 events):
Event: 38.859 Thread 0x000001c09a09e0e0 Uncommon trap: trap_request=0xffffffde fr.pc=0x000001c0df0cd48c relative=0x000000000000026c
Event: 38.859 Thread 0x000001c09a09e0e0 Uncommon trap: reason=class_check action=maybe_recompile pc=0x000001c0df0cd48c method=java.util.stream.StreamOpFlag.fromCharacteristics(Ljava/util/Spliterator;)I @ 14 c2
Event: 38.859 Thread 0x000001c09a09e0e0 DEOPT PACKING pc=0x000001c0df0cd48c sp=0x0000006f2e9f65e0
Event: 38.859 Thread 0x000001c09a09e0e0 DEOPT UNPACKING pc=0x000001c0de9b4402 sp=0x0000006f2e9f64c8 mode 2
Event: 38.864 Thread 0x000001c09a09e0e0 Uncommon trap: trap_request=0xffffff76 fr.pc=0x000001c0df3ee9ec relative=0x00000000000005ac
Event: 38.864 Thread 0x000001c09a09e0e0 Uncommon trap: reason=predicate action=maybe_recompile pc=0x000001c0df3ee9ec method=java.util.TimSort.binarySort([Ljava/lang/Object;IIILjava/util/Comparator;)V @ 34 c2
Event: 38.864 Thread 0x000001c09a09e0e0 DEOPT PACKING pc=0x000001c0df3ee9ec sp=0x0000006f2e9f7340
Event: 38.864 Thread 0x000001c09a09e0e0 DEOPT UNPACKING pc=0x000001c0de9b4402 sp=0x0000006f2e9f72f0 mode 2
Event: 38.919 Thread 0x000001c09a09e0e0 Uncommon trap: trap_request=0xffffffc6 fr.pc=0x000001c0df1d547c relative=0x000000000000025c
Event: 38.919 Thread 0x000001c09a09e0e0 Uncommon trap: reason=bimorphic_or_optimized_type_check action=maybe_recompile pc=0x000001c0df1d547c method=java.util.stream.StreamOpFlag.fromCharacteristics(Ljava/util/Spliterator;)I @ 14 c2
Event: 38.919 Thread 0x000001c09a09e0e0 DEOPT PACKING pc=0x000001c0df1d547c sp=0x0000006f2e9f4f90
Event: 38.920 Thread 0x000001c09a09e0e0 DEOPT UNPACKING pc=0x000001c0de9b4402 sp=0x0000006f2e9f4ee0 mode 2
Event: 38.956 Thread 0x000001c09a09e0e0 Uncommon trap: trap_request=0xffffff45 fr.pc=0x000001c0df236448 relative=0x00000000000019c8
Event: 38.956 Thread 0x000001c09a09e0e0 Uncommon trap: reason=unstable_if action=reinterpret pc=0x000001c0df236448 method=java.nio.file.FileTreeWalker.getAttributes(Ljava/nio/file/Path;Z)Ljava/nio/file/attribute/BasicFileAttributes; @ 35 c2
Event: 38.956 Thread 0x000001c09a09e0e0 DEOPT PACKING pc=0x000001c0df236448 sp=0x0000006f2e9f8e60
Event: 38.956 Thread 0x000001c09a09e0e0 DEOPT UNPACKING pc=0x000001c0de9b4402 sp=0x0000006f2e9f8d70 mode 2
Event: 38.961 Thread 0x000001c09a09e0e0 Uncommon trap: trap_request=0xffffff45 fr.pc=0x000001c0df244328 relative=0x0000000000000368
Event: 38.961 Thread 0x000001c09a09e0e0 Uncommon trap: reason=unstable_if action=reinterpret pc=0x000001c0df244328 method=java.lang.String.regionMatches(ZILjava/lang/String;II)Z @ 1 c2
Event: 38.961 Thread 0x000001c09a09e0e0 DEOPT PACKING pc=0x000001c0df244328 sp=0x0000006f2e9f81b0
Event: 38.961 Thread 0x000001c09a09e0e0 DEOPT UNPACKING pc=0x000001c0de9b4402 sp=0x0000006f2e9f8148 mode 2

Classes loaded (20 events):
Event: 38.273 Loading class java/util/Collections$ReverseComparator2
Event: 38.273 Loading class java/util/Collections$ReverseComparator2 done
Event: 38.275 Loading class java/util/Enumeration$1
Event: 38.275 Loading class java/util/Enumeration$1 done
Event: 38.283 Loading class java/lang/InstantiationError
Event: 38.283 Loading class java/lang/InstantiationError done
Event: 38.285 Loading class java/util/IdentityHashMap$EntrySet
Event: 38.286 Loading class java/util/IdentityHashMap$EntrySet done
Event: 38.286 Loading class java/util/IdentityHashMap$EntryIterator
Event: 38.287 Loading class java/util/IdentityHashMap$EntryIterator done
Event: 38.392 Loading class java/util/IdentityHashMap$ValueIterator
Event: 38.393 Loading class java/util/IdentityHashMap$ValueIterator done
Event: 38.396 Loading class java/util/IdentityHashMap$EntryIterator$Entry
Event: 38.396 Loading class java/util/IdentityHashMap$EntryIterator$Entry done
Event: 38.680 Loading class java/net/InetAddress$CachedLocalHost
Event: 38.680 Loading class java/net/InetAddress$CachedLocalHost done
Event: 38.766 Loading class sun/reflect/annotation/AnnotationInvocationHandler$1
Event: 38.766 Loading class sun/reflect/annotation/AnnotationInvocationHandler$1 done
Event: 38.945 Loading class java/nio/file/FileTreeWalker$1
Event: 38.945 Loading class java/nio/file/FileTreeWalker$1 done

Classes unloaded (0 events):
No events

Classes redefined (0 events):
No events

Internal exceptions (20 events):
Event: 38.147 Thread 0x000001c09a09e0e0 Exception <a 'sun/nio/fs/WindowsException'{0x00000000e837f0e0}> (0x00000000e837f0e0) 
thrown [s\open\src\hotspot\share\prims\jni.cpp, line 520]
Event: 38.147 Thread 0x000001c09a09e0e0 Exception <a 'sun/nio/fs/WindowsException'{0x00000000e8380ba0}> (0x00000000e8380ba0) 
thrown [s\open\src\hotspot\share\prims\jni.cpp, line 520]
Event: 38.147 Thread 0x000001c09a09e0e0 Exception <a 'sun/nio/fs/WindowsException'{0x00000000e8381c58}> (0x00000000e8381c58) 
thrown [s\open\src\hotspot\share\prims\jni.cpp, line 520]
Event: 38.147 Thread 0x000001c09a09e0e0 Exception <a 'sun/nio/fs/WindowsException'{0x00000000e8383378}> (0x00000000e8383378) 
thrown [s\open\src\hotspot\share\prims\jni.cpp, line 520]
Event: 38.148 Thread 0x000001c09a09e0e0 Exception <a 'sun/nio/fs/WindowsException'{0x00000000e8384a90}> (0x00000000e8384a90) 
thrown [s\open\src\hotspot\share\prims\jni.cpp, line 520]
Event: 38.175 Thread 0x000001c09a09e0e0 Exception <a 'sun/nio/fs/WindowsException'{0x00000000e8221630}> (0x00000000e8221630) 
thrown [s\open\src\hotspot\share\prims\jni.cpp, line 520]
Event: 38.176 Thread 0x000001c09a09e0e0 Exception <a 'sun/nio/fs/WindowsException'{0x00000000e8222a38}> (0x00000000e8222a38) 
thrown [s\open\src\hotspot\share\prims\jni.cpp, line 520]
Event: 38.176 Thread 0x000001c09a09e0e0 Exception <a 'sun/nio/fs/WindowsException'{0x00000000e82239c0}> (0x00000000e82239c0) 
thrown [s\open\src\hotspot\share\prims\jni.cpp, line 520]
Event: 38.176 Thread 0x000001c09a09e0e0 Exception <a 'sun/nio/fs/WindowsException'{0x00000000e82250c0}> (0x00000000e82250c0) 
thrown [s\open\src\hotspot\share\prims\jni.cpp, line 520]
Event: 38.176 Thread 0x000001c09a09e0e0 Exception <a 'sun/nio/fs/WindowsException'{0x00000000e82267b8}> (0x00000000e82267b8) 
thrown [s\open\src\hotspot\share\prims\jni.cpp, line 520]
Event: 38.176 Thread 0x000001c09a09e0e0 Exception <a 'sun/nio/fs/WindowsException'{0x00000000e82280b0}> (0x00000000e82280b0) 
thrown [s\open\src\hotspot\share\prims\jni.cpp, line 520]
Event: 38.178 Thread 0x000001c09a09e0e0 Exception <a 'sun/nio/fs/WindowsException'{0x00000000e8239f50}> (0x00000000e8239f50) 
thrown [s\open\src\hotspot\share\prims\jni.cpp, line 520]
Event: 38.178 Thread 0x000001c09a09e0e0 Exception <a 'sun/nio/fs/WindowsException'{0x00000000e823b680}> (0x00000000e823b680) 
thrown [s\open\src\hotspot\share\prims\jni.cpp, line 520]
Event: 38.179 Thread 0x000001c09a09e0e0 Exception <a 'sun/nio/fs/WindowsException'{0x00000000e823cda8}> (0x00000000e823cda8) 
thrown [s\open\src\hotspot\share\prims\jni.cpp, line 520]
Event: 38.215 Thread 0x000001c09a09e0e0 Exception <a 'java/lang/NoSuchMethodError'{0x00000000e81e8310}: 'java.lang.ClassLoader java.lang.Class.getClassLoader(java.lang.Class)'> (0x00000000e81e8310) 
thrown [s\open\src\hotspot\share\interpreter\linkResolver.cpp, line 796]
Event: 38.494 Thread 0x000001c09a09e0e0 Implicit null exception at 0x000001c0df3d0a66 to 0x000001c0df3d6ee0
Event: 38.888 Thread 0x000001c09a09e0e0 Exception <a 'java/lang/NoSuchMethodError'{0x00000000eeffb748}: 'java.lang.Object java.lang.invoke.DirectMethodHandle$Holder.newInvokeSpecial(java.lang.Object, java.lang.Object, java.lang.Object, java.lang.Object, java.lang.Object, java.lang.Object, int)'> (0x00000000eeffb748) 
thrown [s\open\src\hotspot\share\interpreter\linkResolver.cpp, line 796]
Event: 38.889 Thread 0x000001c09a09e0e0 Exception <a 'java/lang/NoSuchMethodError'{0x00000000eee013c8}: 'java.lang.Object java.lang.invoke.DirectMethodHandle$Holder.invokeSpecial(java.lang.Object, java.lang.Object, java.lang.Object, java.lang.Object, java.lang.Object, java.lang.Object, java.lang.Object, int)'> (0x00000000eee013c8) 
thrown [s\open\src\hotspot\share\interpreter\linkResolver.cpp, line 796]
Event: 38.890 Thread 0x000001c09a09e0e0 Exception <a 'java/lang/NoSuchMethodError'{0x00000000eee06798}: 'java.lang.Object java.lang.invoke.Invokers$Holder.linkToTargetMethod(java.lang.Object, java.lang.Object, java.lang.Object, java.lang.Object, java.lang.Object, int, java.lang.Object)'> (0x00000000eee06798) 
thrown [s\open\src\hotspot\share\interpreter\linkResolver.cpp, line 796]
Event: 38.904 Thread 0x000001c09a09e0e0 Exception <a 'java/lang/NoSuchMethodError'{0x00000000eee4da68}: 'void java.lang.invoke.DirectMethodHandle$Holder.invokeSpecial(java.lang.Object, java.lang.Object, java.lang.Object, java.lang.Object, int, java.lang.Object, java.lang.Object)'> (0x00000000eee4da68) 
thrown [s\open\src\hotspot\share\interpreter\linkResolver.cpp, line 796]

VM Operations (20 events):
Event: 23.275 Executing VM operation: G1PauseCleanup
Event: 23.275 Executing VM operation: G1PauseCleanup done
Event: 26.248 Executing VM operation: HandshakeAllThreads (Deoptimize)
Event: 26.248 Executing VM operation: HandshakeAllThreads (Deoptimize) done
Event: 26.336 Executing VM operation: HandshakeAllThreads (Deoptimize)
Event: 26.336 Executing VM operation: HandshakeAllThreads (Deoptimize) done
Event: 27.958 Executing VM operation: G1CollectForAllocation (G1 Evacuation Pause)
Event: 27.998 Executing VM operation: G1CollectForAllocation (G1 Evacuation Pause) done
Event: 31.326 Executing VM operation: HandshakeAllThreads (Deoptimize)
Event: 31.327 Executing VM operation: HandshakeAllThreads (Deoptimize) done
Event: 31.518 Executing VM operation: HandshakeAllThreads (Deoptimize)
Event: 31.519 Executing VM operation: HandshakeAllThreads (Deoptimize) done
Event: 32.363 Executing VM operation: G1CollectForAllocation (G1 Evacuation Pause)
Event: 32.392 Executing VM operation: G1CollectForAllocation (G1 Evacuation Pause) done
Event: 33.539 Executing VM operation: HandshakeAllThreads (Deoptimize)
Event: 33.539 Executing VM operation: HandshakeAllThreads (Deoptimize) done
Event: 34.921 Executing VM operation: HandshakeAllThreads (Deoptimize)
Event: 34.921 Executing VM operation: HandshakeAllThreads (Deoptimize) done
Event: 38.297 Executing VM operation: G1CollectForAllocation (G1 Evacuation Pause)
Event: 38.316 Executing VM operation: G1CollectForAllocation (G1 Evacuation Pause) done

Memory protections (0 events):
No events

Nmethod flushes (20 events):
Event: 23.241 Thread 0x000001c0ea36e7b0 flushing  nmethod 0x000001c0d76fdb08
Event: 23.241 Thread 0x000001c0ea36e7b0 flushing  nmethod 0x000001c0d76ff388
Event: 23.241 Thread 0x000001c0ea36e7b0 flushing  nmethod 0x000001c0d7701688
Event: 23.241 Thread 0x000001c0ea36e7b0 flushing  nmethod 0x000001c0d7798a88
Event: 23.241 Thread 0x000001c0ea36e7b0 flushing  nmethod 0x000001c0d7799988
Event: 23.241 Thread 0x000001c0ea36e7b0 flushing  nmethod 0x000001c0d77ec008
Event: 23.241 Thread 0x000001c0ea36e7b0 flushing  nmethod 0x000001c0d7898908
Event: 23.241 Thread 0x000001c0ea36e7b0 flushing  nmethod 0x000001c0d78ef708
Event: 23.241 Thread 0x000001c0ea36e7b0 flushing  nmethod 0x000001c0d7adde08
Event: 23.241 Thread 0x000001c0ea36e7b0 flushing  nmethod 0x000001c0d7adf388
Event: 23.241 Thread 0x000001c0ea36e7b0 flushing  nmethod 0x000001c0d7adf688
Event: 23.241 Thread 0x000001c0ea36e7b0 flushing  nmethod 0x000001c0d7adfe08
Event: 23.241 Thread 0x000001c0ea36e7b0 flushing  nmethod 0x000001c0d7ae0808
Event: 23.241 Thread 0x000001c0ea36e7b0 flushing  nmethod 0x000001c0d7ae0b88
Event: 23.241 Thread 0x000001c0ea36e7b0 flushing  nmethod 0x000001c0d7ae2c08
Event: 23.241 Thread 0x000001c0ea36e7b0 flushing  nmethod 0x000001c0d7ae3988
Event: 23.241 Thread 0x000001c0ea36e7b0 flushing  nmethod 0x000001c0d788a788
Event: 23.241 Thread 0x000001c0ea36e7b0 flushing  nmethod 0x000001c0d78bb288
Event: 23.241 Thread 0x000001c0ea36e7b0 flushing  nmethod 0x000001c0d79ab408
Event: 23.241 Thread 0x000001c0ea36e7b0 flushing  nmethod 0x000001c0d7a84488

Events (20 events):
Event: 26.364 Thread 0x000001c09a09e0e0 Thread added: 0x000001c09af96440
Event: 26.365 Thread 0x000001c09a09e0e0 Thread added: 0x000001c09af94370
Event: 26.367 Thread 0x000001c09a09e0e0 Thread added: 0x000001c09af95720
Event: 26.368 Thread 0x000001c09a09e0e0 Thread added: 0x000001c09af96ad0
Event: 26.370 Thread 0x000001c09a09e0e0 Thread added: 0x000001c09af95db0
Event: 28.845 Thread 0x000001c09ebc6ba0 Thread exited: 0x000001c09ebc6ba0
Event: 29.596 Thread 0x000001c09a09e0e0 Thread added: 0x000001c09af998c0
Event: 29.680 Thread 0x000001c09ebc64d0 Thread exited: 0x000001c09ebc64d0
Event: 29.948 Thread 0x000001c0990404e0 Thread added: 0x000001c09ebc64d0
Event: 30.766 Thread 0x000001c09ebc64d0 Thread exited: 0x000001c09ebc64d0
Event: 31.619 Thread 0x000001c09a09e0e0 Thread added: 0x000001c0a20f9c90
Event: 32.118 Thread 0x000001c0990404e0 Thread added: 0x000001c09ebc64d0
Event: 33.223 Thread 0x000001c09ebc64d0 Thread exited: 0x000001c09ebc64d0
Event: 33.276 Thread 0x000001c0990404e0 Thread added: 0x000001c09ebc64d0
Event: 33.351 Thread 0x000001c0990404e0 Thread added: 0x000001c09ebc3520
Event: 34.633 Thread 0x000001c09ebc3520 Thread exited: 0x000001c09ebc3520
Event: 35.746 Thread 0x000001c09a09e0e0 Thread added: 0x000001c0a20fde30
Event: 35.810 Thread 0x000001c0990404e0 Thread added: 0x000001c09ebc3520
Event: 37.840 Thread 0x000001c09ebc3520 Thread exited: 0x000001c09ebc3520
Event: 38.915 Thread 0x000001c0990404e0 Thread added: 0x000001c09ebc3520


Dynamic libraries:
0x00007ff6b4580000 - 0x00007ff6b4590000 	C:\Program Files\Java\jdk-23\bin\java.exe
0x00007ff8cbbe0000 - 0x00007ff8cbe40000 	C:\WINDOWS\SYSTEM32\ntdll.dll
0x00007ff8caf10000 - 0x00007ff8cafd7000 	C:\WINDOWS\System32\KERNEL32.DLL
0x00007ff8c8f10000 - 0x00007ff8c92da000 	C:\WINDOWS\System32\KERNELBASE.dll
0x00007ff8c8dc0000 - 0x00007ff8c8f0b000 	C:\WINDOWS\System32\ucrtbase.dll
0x00007ff8c0e40000 - 0x00007ff8c0e57000 	C:\Program Files\Java\jdk-23\bin\jli.dll
0x00007ff8c9d00000 - 0x00007ff8c9ecc000 	C:\WINDOWS\System32\USER32.dll
0x00007ff8c9910000 - 0x00007ff8c9937000 	C:\WINDOWS\System32\win32u.dll
0x00007ff8ca4a0000 - 0x00007ff8ca4ca000 	C:\WINDOWS\System32\GDI32.dll
0x00007ff8c95d0000 - 0x00007ff8c9701000 	C:\WINDOWS\System32\gdi32full.dll
0x00007ff8c9520000 - 0x00007ff8c95c3000 	C:\WINDOWS\System32\msvcp_win.dll
0x00007ff8be4d0000 - 0x00007ff8be4eb000 	C:\Program Files\Java\jdk-23\bin\VCRUNTIME140.dll
0x00007ff8b3600000 - 0x00007ff8b3897000 	C:\WINDOWS\WinSxS\amd64_microsoft.windows.common-controls_6595b64144ccf1df_6.0.26100.3624_none_3e086962e3345f24\COMCTL32.dll
0x00007ff8c9c50000 - 0x00007ff8c9cf9000 	C:\WINDOWS\System32\msvcrt.dll
0x00007ff8cbb00000 - 0x00007ff8cbb2f000 	C:\WINDOWS\System32\IMM32.DLL
0x00007ff8ae570000 - 0x00007ff8ae6d2000 	C:\Program Files (x86)\Citrix\ICA Client\ctxapclient64.dll
0x00007ff8ca4d0000 - 0x00007ff8ca852000 	C:\WINDOWS\System32\combase.dll
0x00007ff8cafe0000 - 0x00007ff8cb0f6000 	C:\WINDOWS\System32\RPCRT4.dll
0x00007ff8c1640000 - 0x00007ff8c164b000 	C:\WINDOWS\SYSTEM32\VERSION.dll
0x00007ff8c8ca0000 - 0x00007ff8c8cc6000 	C:\WINDOWS\SYSTEM32\bcrypt.dll
0x00007ff8ca930000 - 0x00007ff8ca9e2000 	C:\WINDOWS\System32\ADVAPI32.dll
0x00007ff8ca860000 - 0x00007ff8ca906000 	C:\WINDOWS\System32\sechost.dll
0x00007ff8c7cf0000 - 0x00007ff8c7d25000 	C:\WINDOWS\SYSTEM32\ntmarta.dll
0x000001c0cd180000 - 0x000001c0cd219000 	C:\WINDOWS\System32\bcryptprimitives.dll
0x00007ff8c1ab0000 - 0x00007ff8c1abc000 	C:\Program Files\Java\jdk-23\bin\vcruntime140_1.dll
0x00007ff8a32c0000 - 0x00007ff8a334e000 	C:\Program Files\Java\jdk-23\bin\msvcp140.dll
0x00007ff88e700000 - 0x00007ff88f450000 	C:\Program Files\Java\jdk-23\bin\server\jvm.dll
0x00007ff8ca3b0000 - 0x00007ff8ca424000 	C:\WINDOWS\System32\WS2_32.dll
0x00007ff8c8c30000 - 0x00007ff8c8c8e000 	C:\WINDOWS\SYSTEM32\POWRPROF.dll
0x00007ff8c0f10000 - 0x00007ff8c0f46000 	C:\WINDOWS\SYSTEM32\WINMM.dll
0x00007ff8c8c10000 - 0x00007ff8c8c24000 	C:\WINDOWS\SYSTEM32\UMPDC.dll
0x00007ff8c7bd0000 - 0x00007ff8c7bea000 	C:\WINDOWS\SYSTEM32\kernel.appcore.dll
0x00007ff8bde00000 - 0x00007ff8bde0a000 	C:\Program Files\Java\jdk-23\bin\jimage.dll
0x00007ff8bcec0000 - 0x00007ff8bd101000 	C:\WINDOWS\SYSTEM32\DBGHELP.DLL
0x00007ff8cabe0000 - 0x00007ff8cacb6000 	C:\WINDOWS\System32\OLEAUT32.dll
0x00007ff86b3c0000 - 0x00007ff86b3f9000 	C:\WINDOWS\SYSTEM32\dbgcore.DLL
0x00007ff8b4070000 - 0x00007ff8b407f000 	C:\Program Files\Java\jdk-23\bin\instrument.dll
0x00007ff8bdd60000 - 0x00007ff8bdd7e000 	C:\Program Files\Java\jdk-23\bin\java.dll
0x00007ff8cacc0000 - 0x00007ff8cae56000 	C:\WINDOWS\System32\ole32.dll
0x00007ff8cb3b0000 - 0x00007ff8cbad9000 	C:\WINDOWS\System32\SHELL32.dll
0x00007ff8c97a0000 - 0x00007ff8c9908000 	C:\WINDOWS\System32\wintypes.dll
0x00007ff8c6a50000 - 0x00007ff8c72a2000 	C:\WINDOWS\SYSTEM32\windows.storage.dll
0x00007ff8cb200000 - 0x00007ff8cb2ed000 	C:\WINDOWS\System32\SHCORE.dll
0x00007ff8ca430000 - 0x00007ff8ca494000 	C:\WINDOWS\System32\shlwapi.dll
0x00007ff8c8cd0000 - 0x00007ff8c8cff000 	C:\WINDOWS\SYSTEM32\profapi.dll
0x00007ff89ed20000 - 0x00007ff89edf7000 	C:\Program Files\Java\jdk-23\bin\jsvml.dll
0x00007ff8bdcd0000 - 0x00007ff8bdce7000 	C:\Program Files\Java\jdk-23\bin\zip.dll
0x00007ff8bdd50000 - 0x00007ff8bdd60000 	C:\Program Files\Java\jdk-23\bin\net.dll
0x00007ff8c80f0000 - 0x00007ff8c815a000 	C:\WINDOWS\system32\mswsock.dll
0x00007ff8bdd30000 - 0x00007ff8bdd46000 	C:\Program Files\Java\jdk-23\bin\nio.dll
0x00007ff8be680000 - 0x00007ff8be690000 	C:\Program Files\Java\jdk-23\bin\verify.dll
0x00007ff861a00000 - 0x00007ff861a27000 	C:\Users\pablo\.gradle\native\1def1411415f61bf3af743bc5b6707747c0891f09f0c88961ee8f79bc544acac\windows-amd64\native-platform.dll
0x00007ff860ac0000 - 0x00007ff860b38000 	C:\Users\pablo\.gradle\native\0.2.7\x86_64-windows-gnu\gradle-fileevents.dll
0x00007ff8b96e0000 - 0x00007ff8b96ea000 	C:\Program Files\Java\jdk-23\bin\management.dll
0x00007ff8b96d0000 - 0x00007ff8b96db000 	C:\Program Files\Java\jdk-23\bin\management_ext.dll
0x00007ff8cb320000 - 0x00007ff8cb328000 	C:\WINDOWS\System32\PSAPI.DLL
0x00007ff8c75b0000 - 0x00007ff8c75e3000 	C:\WINDOWS\SYSTEM32\IPHLPAPI.DLL
0x00007ff8cab50000 - 0x00007ff8cab5a000 	C:\WINDOWS\System32\NSI.dll
0x00007ff8b4080000 - 0x00007ff8b4089000 	C:\Program Files\Java\jdk-23\bin\extnet.dll
0x00007ff8c83a0000 - 0x00007ff8c83bc000 	C:\WINDOWS\SYSTEM32\CRYPTSP.dll
0x00007ff8c7b30000 - 0x00007ff8c7b6a000 	C:\WINDOWS\system32\rsaenh.dll
0x00007ff8c8190000 - 0x00007ff8c81bb000 	C:\WINDOWS\SYSTEM32\USERENV.dll
0x00007ff8c8390000 - 0x00007ff8c839c000 	C:\WINDOWS\SYSTEM32\CRYPTBASE.dll
0x00007ff8c5e10000 - 0x00007ff8c5e1e000 	C:\Program Files\Java\jdk-23\bin\sunmscapi.dll
0x000001c09bff0000 - 0x000001c09c167000 	C:\WINDOWS\System32\CRYPT32.dll
0x00007ff8c8590000 - 0x00007ff8c85c0000 	C:\WINDOWS\SYSTEM32\ncrypt.dll
0x00007ff8c8540000 - 0x00007ff8c857f000 	C:\WINDOWS\SYSTEM32\NTASN1.dll
0x00007ff8c17d0000 - 0x00007ff8c17d8000 	C:\WINDOWS\system32\wshunix.dll
0x00007ff8c7640000 - 0x00007ff8c7765000 	C:\WINDOWS\SYSTEM32\DNSAPI.dll
0x00007ff8c0a40000 - 0x00007ff8c0a4b000 	C:\Windows\System32\rasadhlp.dll
0x00007ff8c0ad0000 - 0x00007ff8c0b55000 	C:\WINDOWS\System32\fwpuclnt.dll
0x00007ff8a3240000 - 0x00007ff8a3258000 	C:\WINDOWS\system32\napinsp.dll
0x00007ff8a0f80000 - 0x00007ff8a0f92000 	C:\WINDOWS\System32\winrnr.dll
0x00007ff8a1030000 - 0x00007ff8a1060000 	C:\WINDOWS\system32\nlansp_c.dll
0x00007ff8a33e0000 - 0x00007ff8a33f6000 	C:\WINDOWS\system32\wshbth.dll

dbghelp: loaded successfully - version: 4.0.5 - missing functions: none
symbol engine: initialized successfully - sym options: 0x614 - pdb path: .;C:\Program Files\Java\jdk-23\bin;C:\WINDOWS\SYSTEM32;C:\WINDOWS\WinSxS\amd64_microsoft.windows.common-controls_6595b64144ccf1df_6.0.26100.3624_none_3e086962e3345f24;C:\Program Files (x86)\Citrix\ICA Client;C:\Program Files\Java\jdk-23\bin\server;C:\Users\pablo\.gradle\native\1def1411415f61bf3af743bc5b6707747c0891f09f0c88961ee8f79bc544acac\windows-amd64;C:\Users\pablo\.gradle\native\0.2.7\x86_64-windows-gnu

VM Arguments:
jvm_args: --add-opens=java.base/java.lang=ALL-UNNAMED --add-opens=java.base/java.lang.invoke=ALL-UNNAMED --add-opens=java.base/java.util=ALL-UNNAMED --add-opens=java.prefs/java.util.prefs=ALL-UNNAMED --add-exports=jdk.compiler/com.sun.tools.javac.api=ALL-UNNAMED --add-exports=jdk.compiler/com.sun.tools.javac.util=ALL-UNNAMED --add-opens=java.base/java.util=ALL-UNNAMED --add-opens=java.prefs/java.util.prefs=ALL-UNNAMED --add-opens=java.base/java.nio.charset=ALL-UNNAMED --add-opens=java.base/java.net=ALL-UNNAMED --add-opens=java.base/java.util.concurrent.atomic=ALL-UNNAMED --add-opens=java.xml/javax.xml.namespace=ALL-UNNAMED -XX:MaxMetaspaceSize=384m -XX:+HeapDumpOnOutOfMemoryError -Xms256m -Xmx512m -Dfile.encoding=UTF-8 -Duser.country=CO -Duser.language=es -Duser.variant -javaagent:C:\Users\pablo\.gradle\wrapper\dists\gradle-8.13-bin\5xuhj0ry160q40clulazy9h7d\gradle-8.13\lib\agents\gradle-instrumentation-agent-8.13.jar 
java_command: org.gradle.launcher.daemon.bootstrap.GradleDaemon 8.13
java_class_path (initial): C:\Users\pablo\.gradle\wrapper\dists\gradle-8.13-bin\5xuhj0ry160q40clulazy9h7d\gradle-8.13\lib\gradle-daemon-main-8.13.jar
Launcher Type: SUN_STANDARD

[Global flags]
     intx CICompilerCount                          = 4                                         {product} {ergonomic}
   size_t CompressedClassSpaceSize                 = 335544320                                 {product} {ergonomic}
     uint ConcGCThreads                            = 2                                         {product} {ergonomic}
     uint G1ConcRefinementThreads                  = 8                                         {product} {ergonomic}
   size_t G1HeapRegionSize                         = 1048576                                   {product} {ergonomic}
     bool HeapDumpOnOutOfMemoryError               = true                                   {manageable} {command line}
   size_t InitialHeapSize                          = 268435456                                 {product} {command line}
   size_t MarkStackSize                            = 4194304                                   {product} {ergonomic}
   size_t MarkStackSizeMax                         = 536870912                                 {product} {ergonomic}
   size_t MaxHeapSize                              = 536870912                                 {product} {command line}
   size_t MaxMetaspaceSize                         = 402653184                                 {product} {command line}
   size_t MaxNewSize                               = 321912832                                 {product} {ergonomic}
   size_t MinHeapDeltaBytes                        = 1048576                                   {product} {ergonomic}
   size_t MinHeapSize                              = 268435456                                 {product} {command line}
    uintx NonNMethodCodeHeapSize                   = 5832704                                {pd product} {ergonomic}
    uintx NonProfiledCodeHeapSize                  = 122945536                              {pd product} {ergonomic}
    uintx ProfiledCodeHeapSize                     = 122880000                              {pd product} {ergonomic}
    uintx ReservedCodeCacheSize                    = 251658240                              {pd product} {ergonomic}
     bool SegmentedCodeCache                       = true                                      {product} {ergonomic}
   size_t SoftMaxHeapSize                          = 536870912                              {manageable} {ergonomic}
     bool UseCompressedOops                        = true                           {product lp64_product} {ergonomic}
     bool UseG1GC                                  = true                                      {product} {ergonomic}
     bool UseLargePagesIndividualAllocation        = false                                  {pd product} {ergonomic}

Logging:
Log output configuration:
 #0: stdout all=warning uptime,level,tags foldmultilines=false
 #1: stderr all=off uptime,level,tags foldmultilines=false

Environment Variables:
JAVA_HOME=C:\Program Files\Java\jdk-23
CLASSPATH=C:\Users\pablo\Documents\Universidad\7 semestre\Arquitectura de SW\Talleres\Taller4-JEE\logic\\gradle\wrapper\gradle-wrapper.jar
PATH=C:\Program Files\Common Files\Oracle\Java\javapath;C:\WINDOWS\system32;C:\WINDOWS;C:\WINDOWS\System32\Wbem;C:\WINDOWS\System32\WindowsPowerShell\v1.0\;C:\WINDOWS\System32\OpenSSH\;C:\Program Files\Java\jdk-23\bin;C:\Program Files\Docker\Docker\resources\bin;C:\Program Files\dotnet\;C:\Program Files\Git\cmd;C:\Users\pablo\.jbang\bin;C:\Users\pablo\AppData\Local\Microsoft\WindowsApps;C:\Users\pablo\AppData\Local\Programs\Microsoft VS Code\bin;C:\Program Files\PostgreSQL\17\bin;C:\apache-ant-1.10.15\bin;C:\apache-maven-3.9.9-bin\apache-maven-3.9.9\bin;C:\Program Files\Java\jdk-21\bin;C:\Users\pablo\.jbang\bin;C:\Users\pablo\AppData\Local\Microsoft\WindowsApps;C:\Users\pablo\AppData\Local\Programs\Microsoft VS Code\bin
USERNAME=pablo
LANG=en_US.UTF-8
OS=Windows_NT
PROCESSOR_IDENTIFIER=AMD64 Family 23 Model 24 Stepping 1, AuthenticAMD
TMP=C:\Users\pablo\AppData\Local\Temp
TEMP=C:\Users\pablo\AppData\Local\Temp




Periodic native trim disabled

---------------  S Y S T E M  ---------------

OS:
 Windows 11 , 64 bit Build 26100 (10.0.26100.3775)
OS uptime: 0 days 2:47 hours
Hyper-V role detected

CPU: total 8 (initial active 8) (8 cores per cpu, 2 threads per core) family 23 model 24 stepping 1 microcode 0x8108109, cx8, cmov, fxsr, ht, mmx, 3dnowpref, sse, sse2, sse3, ssse3, sse4a, sse4.1, sse4.2, popcnt, lzcnt, tsc, tscinvbit, avx, avx2, aes, clmul, bmi1, bmi2, adx, sha, fma, vzeroupper, clflush, clflushopt, hv, rdtscp, f16c
Processor Information for the first 8 processors :
  Max Mhz: 2100, Current Mhz: 2100, Mhz Limit: 2100

Memory: 4k page, system-wide physical 18308M (2967M free)
TotalPageFile size 23595M (AvailPageFile size 767M)
current process WorkingSet (physical memory assigned to process): 517M, peak: 517M
current process commit charge ("private bytes"): 571M, peak: 573M

vm_info: Java HotSpot(TM) 64-Bit Server VM (23.0.2+7-58) for windows-amd64 JRE (23.0.2+7-58), built on 2024-11-29T09:34:55Z with MS VC++ 17.6 (VS2022)

END.
